Starting my-game (max 8 players)
Script: main.lua
[Lua] 
[Lua] ==========================================
[Lua]   ROUND 1 - The Meadow
[Lua] ==========================================
[Lua] Stay on the tiles!
[Lua] 
[Lua] Floor is Lava - Game initialized!
[Instance] Created 8ce037ec-624b-4cda-888c-5db79f7cc7a6 for game e7562566-d2e1-4997-a6f3-ed892ea8bc7f (max_players=8)
Instance: 8ce037ec-624b-4cda-888c-5db79f7cc7a6

Server running on http://localhost:8080

Endpoints:
  POST /join?name=X  - Join game, returns session token
  POST /input        - Send input (requires X-Session header)
  GET  /observe      - Player observation (requires X-Session header)
  GET  /skill.md     - Game skill definition
[Lua] Safe zone appeared at tile 9,8
[Lua] Safe zone appeared at tile 1,1
[Lua] Ring 1 collapsing! (28 tiles)
[Lua] Safe zone appeared at tile 3,7
[Lua] SurvivalBot joined!
[Obs] tick=2095 agent=527b12c4-3a0e-461b-93cb-aec880acc0a8 name=SurvivalBot pos=(-1.50,6.00,0.00)
[Sync] Teleport character lua_id=126 -> (-5.00,6.50,-25.00)
[Obs] tick=2096 agent=527b12c4-3a0e-461b-93cb-aec880acc0a8 name=SurvivalBot pos=(-5.00,6.49,-25.00)
[Obs] tick=2097 agent=527b12c4-3a0e-461b-93cb-aec880acc0a8 name=SurvivalBot pos=(-5.00,6.48,-25.00)
[Obs] tick=2098 agent=527b12c4-3a0e-461b-93cb-aec880acc0a8 name=SurvivalBot pos=(-5.00,6.45,-25.00)
[Obs] tick=2099 agent=527b12c4-3a0e-461b-93cb-aec880acc0a8 name=SurvivalBot pos=(-5.00,6.42,-25.00)
[Humanoid] MoveTo id=127 target=(15.00,1.50,-25.00)
[Humanoid] MoveTo id=127 target=(15.00,1.50,-25.00)
[Humanoid] MoveTo id=127 target=(15.00,1.50,-25.00)
[Humanoid] MoveTo id=127 target=(15.00,1.50,-25.00)
[Humanoid] MoveTo id=127 target=(5.00,1.50,-25.00)
[Humanoid] MoveTo id=127 target=(5.00,1.50,-25.00)
[Lua] Ring 2 collapsing! (13 tiles)
[Humanoid] MoveTo id=127 target=(5.00,1.50,-25.00)
[Humanoid] MoveTo id=127 target=(5.00,1.50,-15.00)
[Lua] Safe zone appeared at tile 5,6
[Humanoid] MoveTo id=127 target=(5.00,1.50,-5.00)
[Humanoid] MoveTo id=127 target=(5.00,1.50,-5.00)
[Humanoid] MoveTo id=127 target=(5.00,1.50,-5.00)
[Humanoid] MoveTo id=127 target=(5.00,1.50,-5.00)
[Humanoid] MoveTo id=127 target=(5.00,1.50,-5.00)
[Humanoid] MoveTo id=127 target=(5.00,1.50,-5.00)
[Humanoid] MoveTo id=127 target=(5.00,1.50,-5.00)
[Humanoid] MoveTo id=127 target=(5.00,1.50,-5.00)
[Humanoid] MoveTo id=127 target=(-5.00,1.50,-25.00)
[Lua] Ring 3 collapsing! (1 tiles)
[Humanoid] MoveTo id=127 target=(0.00,5.00,0.00)
[Lua] SurvivalBot fell into the lava!
[Lua] 
[Lua] No one survived round 1!
[Lua] === SCOREBOARD ===
[Lua]   1. SurvivalBot - 0 wins
[Lua] ==================
[Lua] Next round in 6 seconds...
[Sync] Teleport character lua_id=126 -> (0.00,55.00,0.00)
[Humanoid] MoveTo id=127 target=(0.00,5.00,0.00)
[Humanoid] MoveTo id=127 target=(0.00,5.00,0.00)
[Humanoid] MoveTo id=127 target=(0.00,5.00,0.00)
[Humanoid] MoveTo id=127 target=(0.00,5.00,0.00)
[Humanoid] MoveTo id=127 target=(0.00,5.00,0.00)
[Humanoid] MoveTo id=127 target=(0.00,5.00,0.00)
[Humanoid] MoveTo id=127 target=(0.00,5.00,0.00)
[Lua] 
[Lua] ==========================================
[Lua]   ROUND 2 - The Ruins
[Lua] ==========================================
[Lua] Stay on the tiles!
[Lua] 
[Sync] Teleport character lua_id=126 -> (-25.00,6.50,25.00)
[Humanoid] MoveTo id=127 target=(-25.00,1.50,25.00)
[Humanoid] MoveTo id=127 target=(-25.00,1.50,25.00)
[Humanoid] MoveTo id=127 target=(-25.00,1.50,25.00)
[Humanoid] MoveTo id=127 target=(-25.00,1.50,25.00)
[Humanoid] MoveTo id=127 target=(-25.00,1.50,25.00)
[Humanoid] MoveTo id=127 target=(-25.00,1.50,25.00)
[Lua] Safe zone appeared at tile 1,8
[Humanoid] MoveTo id=127 target=(25.00,1.50,-45.00)
[Humanoid] MoveTo id=127 target=(25.00,1.50,-45.00)
[Humanoid] MoveTo id=127 target=(25.00,1.50,-45.00)
[Humanoid] MoveTo id=127 target=(25.00,1.50,-45.00)
[Humanoid] MoveTo id=127 target=(25.00,1.50,-45.00)
[Humanoid] MoveTo id=127 target=(25.00,1.50,-45.00)
[Humanoid] MoveTo id=127 target=(25.00,1.50,-45.00)
[Humanoid] MoveTo id=127 target=(-25.00,1.50,25.00)
[Humanoid] MoveTo id=127 target=(-25.00,1.50,25.00)
[Humanoid] MoveTo id=127 target=(-25.00,1.50,25.00)
[Humanoid] MoveTo id=127 target=(-25.00,1.50,25.00)
[Humanoid] MoveTo id=127 target=(-35.00,1.50,25.00)
[Humanoid] MoveTo id=127 target=(-35.00,1.50,25.00)
[Humanoid] MoveTo id=127 target=(-35.00,1.50,25.00)
[Lua] Safe zone appeared at tile 10,6
[Humanoid] MoveTo id=127 target=(5.00,1.50,45.00)
[Humanoid] MoveTo id=127 target=(5.00,1.50,45.00)
[Lua] Ring 1 collapsing! (31 tiles)
[Humanoid] MoveTo id=127 target=(5.00,1.50,45.00)
[Humanoid] MoveTo id=127 target=(5.00,1.50,45.00)
[Humanoid] MoveTo id=127 target=(5.00,1.50,45.00)
[Humanoid] MoveTo id=127 target=(5.00,1.50,45.00)
[Humanoid] MoveTo id=127 target=(5.00,1.50,45.00)
[Humanoid] MoveTo id=127 target=(5.00,1.50,45.00)
[Humanoid] MoveTo id=127 target=(5.00,1.50,45.00)
[Humanoid] MoveTo id=127 target=(5.00,1.50,45.00)
[Humanoid] MoveTo id=127 target=(5.00,1.50,45.00)
[Humanoid] MoveTo id=127 target=(5.00,1.50,45.00)
[Humanoid] MoveTo id=127 target=(5.00,1.50,45.00)
[Lua] Safe zone appeared at tile 3,6
[Lua] SurvivalBot fell into the lava!
[Lua] 
[Lua] No one survived round 2!
[Lua] === SCOREBOARD ===
[Lua]   1. SurvivalBot - 0 wins
[Lua] ==================
[Lua] Next round in 6 seconds...
[Sync] Teleport character lua_id=126 -> (0.00,55.00,0.00)
[Humanoid] MoveTo id=127 target=(5.00,1.50,-25.00)
[Humanoid] MoveTo id=127 target=(5.00,1.50,-25.00)
[Humanoid] MoveTo id=127 target=(5.00,1.50,-25.00)
[Humanoid] MoveTo id=127 target=(5.00,1.50,-25.00)
[Humanoid] MoveTo id=127 target=(5.00,1.50,-25.00)
[Humanoid] MoveTo id=127 target=(5.00,1.50,-25.00)
[Humanoid] MoveTo id=127 target=(5.00,1.50,-25.00)
[Lua] 
[Lua] ==========================================
[Lua]   ROUND 3 - The Bridges
[Lua] ==========================================
[Lua] Stay on the tiles!
[Lua] 
[Sync] Teleport character lua_id=126 -> (-45.00,6.50,-25.00)
[Humanoid] MoveTo id=127 target=(-45.00,1.50,-25.00)
[Humanoid] MoveTo id=127 target=(-45.00,1.50,-25.00)
[Humanoid] MoveTo id=127 target=(-45.00,1.50,-25.00)
[Humanoid] MoveTo id=127 target=(-45.00,1.50,-25.00)
[Humanoid] MoveTo id=127 target=(-45.00,1.50,-25.00)
[Humanoid] MoveTo id=127 target=(-45.00,1.50,-25.00)
[Humanoid] MoveTo id=127 target=(-45.00,1.50,-25.00)
[Lua] Safe zone appeared at tile 6,5
[Humanoid] MoveTo id=127 target=(-5.00,1.50,5.00)
[Humanoid] MoveTo id=127 target=(-5.00,1.50,5.00)
[Humanoid] MoveTo id=127 target=(-5.00,1.50,5.00)
[Lua] SurvivalBot fell into the lava!
[Lua] 
[Lua] No one survived round 3!
[Lua] === SCOREBOARD ===
[Lua]   1. SurvivalBot - 0 wins
[Lua] ==================
[Lua] Next round in 6 seconds...
[Sync] Teleport character lua_id=126 -> (0.00,55.00,0.00)
[Humanoid] MoveTo id=127 target=(-5.00,1.50,5.00)
[Humanoid] MoveTo id=127 target=(-5.00,1.50,5.00)
[Humanoid] MoveTo id=127 target=(-5.00,1.50,5.00)
[Humanoid] MoveTo id=127 target=(-5.00,1.50,5.00)
[Humanoid] MoveTo id=127 target=(-5.00,1.50,5.00)
[Lua] 
[Lua] ==========================================
[Lua]   ROUND 4 - The Volcano
[Lua] ==========================================
[Lua] Stay on the tiles!
[Lua] 
[Sync] Teleport character lua_id=126 -> (-45.00,6.50,5.00)
[Lua] Safe zone appeared at tile 5,3
[Humanoid] MoveTo id=127 target=(-45.00,1.50,5.00)
[Humanoid] MoveTo id=127 target=(-45.00,1.50,5.00)
[Humanoid] MoveTo id=127 target=(-45.00,1.50,5.00)
[Lua] Ring 1 collapsing! (26 tiles)
[Humanoid] MoveTo id=127 target=(-35.00,1.50,5.00)
[Humanoid] MoveTo id=127 target=(-35.00,1.50,5.00)
[Humanoid] MoveTo id=127 target=(-35.00,1.50,5.00)
[Lua] Safe zone appeared at tile 8,9
[Humanoid] MoveTo id=127 target=(-35.00,1.50,5.00)
[Humanoid] MoveTo id=127 target=(35.00,1.50,25.00)
[Humanoid] MoveTo id=127 target=(35.00,1.50,25.00)
[Lua] SurvivalBot fell into the lava!
[Lua] 
[Lua] No one survived round 4!
[Lua] === SCOREBOARD ===
[Lua]   1. SurvivalBot - 0 wins
[Lua] ==================
[Lua] Next round in 6 seconds...
[Sync] Teleport character lua_id=126 -> (0.00,55.00,0.00)
[Humanoid] MoveTo id=127 target=(35.00,1.50,25.00)
[Humanoid] MoveTo id=127 target=(35.00,1.50,25.00)
[Humanoid] MoveTo id=127 target=(35.00,1.50,25.00)
[Humanoid] MoveTo id=127 target=(35.00,1.50,25.00)
[Humanoid] MoveTo id=127 target=(35.00,1.50,25.00)
[Humanoid] MoveTo id=127 target=(35.00,1.50,25.00)
[Humanoid] MoveTo id=127 target=(35.00,1.50,25.00)
[Lua] 
[Lua] ==========================================
[Lua]   ROUND 5 - The Meadow
[Lua] ==========================================
[Lua] Stay on the tiles!
[Lua] 
[Sync] Teleport character lua_id=126 -> (-35.00,6.50,-35.00)
[Humanoid] MoveTo id=127 target=(-35.00,1.50,-35.00)
[Humanoid] MoveTo id=127 target=(-35.00,1.50,-35.00)
[Humanoid] MoveTo id=127 target=(-35.00,1.50,-35.00)
[Humanoid] MoveTo id=127 target=(-35.00,1.50,-35.00)
[Humanoid] MoveTo id=127 target=(-35.00,1.50,-35.00)
[Humanoid] MoveTo id=127 target=(-35.00,1.50,-35.00)
[Lua] Safe zone appeared at tile 5,10
[Humanoid] MoveTo id=127 target=(45.00,1.50,-5.00)
[Humanoid] MoveTo id=127 target=(45.00,1.50,-5.00)
[Humanoid] MoveTo id=127 target=(45.00,1.50,-5.00)
[Humanoid] MoveTo id=127 target=(45.00,1.50,-5.00)
[Humanoid] MoveTo id=127 target=(45.00,1.50,-5.00)
[Humanoid] MoveTo id=127 target=(45.00,1.50,-5.00)
[Humanoid] MoveTo id=127 target=(45.00,1.50,-5.00)
[Humanoid] MoveTo id=127 target=(-35.00,1.50,-35.00)
[Humanoid] MoveTo id=127 target=(-35.00,1.50,-35.00)
[Humanoid] MoveTo id=127 target=(-35.00,1.50,-35.00)
[Humanoid] MoveTo id=127 target=(-35.00,1.50,-35.00)
[Humanoid] MoveTo id=127 target=(-35.00,1.50,-35.00)
[Humanoid] MoveTo id=127 target=(-35.00,1.50,-35.00)
[Humanoid] MoveTo id=127 target=(-35.00,1.50,-35.00)
[Lua] Safe zone appeared at tile 6,2
[Humanoid] MoveTo id=127 target=(-35.00,1.50,5.00)
[Humanoid] MoveTo id=127 target=(-35.00,1.50,5.00)
[Lua] SurvivalBot fell into the lava!
[Lua] 
[Lua] No one survived round 5!
[Lua] === SCOREBOARD ===
[Lua]   1. SurvivalBot - 0 wins
[Lua] ==================
[Lua] Next round in 6 seconds...
[Sync] Teleport character lua_id=126 -> (0.00,55.00,0.00)
[Humanoid] MoveTo id=127 target=(-35.00,1.50,5.00)
[Humanoid] MoveTo id=127 target=(-35.00,1.50,5.00)
[Humanoid] MoveTo id=127 target=(-35.00,1.50,5.00)
[Humanoid] MoveTo id=127 target=(-35.00,1.50,5.00)
[Humanoid] MoveTo id=127 target=(-35.00,1.50,5.00)
[Humanoid] MoveTo id=127 target=(-35.00,1.50,5.00)
[Humanoid] MoveTo id=127 target=(-35.00,1.50,5.00)
[Lua] 
[Lua] ==========================================
[Lua]   ROUND 6 - The Ruins
[Lua] ==========================================
[Lua] Stay on the tiles!
[Lua] 
[Sync] Teleport character lua_id=126 -> (35.00,6.50,5.00)
[Humanoid] MoveTo id=127 target=(35.00,1.50,5.00)
[Humanoid] MoveTo id=127 target=(35.00,1.50,5.00)
[Humanoid] MoveTo id=127 target=(35.00,1.50,5.00)
[Humanoid] MoveTo id=127 target=(35.00,1.50,5.00)
[Humanoid] MoveTo id=127 target=(35.00,1.50,5.00)
[Humanoid] MoveTo id=127 target=(35.00,1.50,5.00)
[Humanoid] MoveTo id=127 target=(35.00,1.50,5.00)
[Lua] Safe zone appeared at tile 1,6
[Humanoid] MoveTo id=127 target=(5.00,1.50,-45.00)
[Humanoid] MoveTo id=127 target=(5.00,1.50,-45.00)
[Humanoid] MoveTo id=127 target=(5.00,1.50,-45.00)
[Humanoid] MoveTo id=127 target=(5.00,1.50,-45.00)
[Humanoid] MoveTo id=127 target=(5.00,1.50,-45.00)
[Humanoid] MoveTo id=127 target=(5.00,1.50,-45.00)
[Humanoid] MoveTo id=127 target=(5.00,1.50,-45.00)
[Humanoid] MoveTo id=127 target=(35.00,1.50,5.00)
[Lua] Safe zone appeared at tile 10,6
[Lua] Ring 1 collapsing! (26 tiles)
[Lua] Safe zone appeared at tile 4,9
[Lua] Ring 2 collapsing! (8 tiles)
[Lua] SurvivalBot fell into the lava!
[Lua] 
[Lua] No one survived round 6!
[Lua] === SCOREBOARD ===
[Lua]   1. SurvivalBot - 0 wins
[Lua] ==================
[Lua] Next round in 6 seconds...
[Sync] Teleport character lua_id=126 -> (0.00,55.00,0.00)
[Lua] 
[Lua] ==========================================
[Lua]   ROUND 7 - The Bridges
[Lua] ==========================================
[Lua] Stay on the tiles!
[Lua] 
[Sync] Teleport character lua_id=126 -> (45.00,6.50,-25.00)
[Lua] Safe zone appeared at tile 9,5
[Lua] Safe zone appeared at tile 4,4
[Lua] Safe zone appeared at tile 4,4
[Lua] SurvivalBot fell into the lava!
[Lua] 
[Lua] No one survived round 7!
[Lua] === SCOREBOARD ===
[Lua]   1. SurvivalBot - 0 wins
[Lua] ==================
[Lua] Next round in 6 seconds...
[Sync] Teleport character lua_id=126 -> (0.00,55.00,0.00)
[Lua] 
[Lua] ==========================================
[Lua]   ROUND 8 - The Volcano
[Lua] ==========================================
[Lua] Stay on the tiles!
[Lua] 
[Sync] Teleport character lua_id=126 -> (-15.00,6.50,45.00)
[Lua] Safe zone appeared at tile 6,8
[Lua] Ring 1 collapsing! (23 tiles)
[Lua] Safe zone appeared at tile 2,3
[Lua] SurvivalBot fell into the lava!
[Lua] 
[Lua] No one survived round 8!
[Lua] === SCOREBOARD ===
[Lua]   1. SurvivalBot - 0 wins
[Lua] ==================
[Lua] Next round in 6 seconds...
[Sync] Teleport character lua_id=126 -> (0.00,55.00,0.00)
[Lua] 
[Lua] ==========================================
[Lua]   ROUND 9 - The Meadow
[Lua] ==========================================
[Lua] Stay on the tiles!
[Lua] 
[Sync] Teleport character lua_id=126 -> (15.00,6.50,25.00)
[Lua] Safe zone appeared at tile 3,2
[Lua] Safe zone appeared at tile 4,7
[Lua] Ring 1 collapsing! (30 tiles)
[Lua] Safe zone appeared at tile 9,8
[Lua] SurvivalBot fell into the lava!
[Lua] 
[Lua] No one survived round 9!
[Lua] === SCOREBOARD ===
[Lua]   1. SurvivalBot - 0 wins
[Lua] ==================
[Lua] Next round in 6 seconds...
[Sync] Teleport character lua_id=126 -> (0.00,55.00,0.00)
[Lua] 
[Lua] ==========================================
[Lua]   ROUND 10 - The Ruins
[Lua] ==========================================
[Lua] Stay on the tiles!
[Lua] 
[Sync] Teleport character lua_id=126 -> (45.00,6.50,-25.00)
[Lua] Safe zone appeared at tile 8,7
[Lua] Safe zone appeared at tile 5,5
[Lua] Ring 1 collapsing! (29 tiles)
[Lua] SurvivalBot fell into the lava!
[Lua] 
[Lua] No one survived round 10!
[Lua] === SCOREBOARD ===
[Lua]   1. SurvivalBot - 0 wins
[Lua] ==================
[Lua] Next round in 6 seconds...
[Sync] Teleport character lua_id=126 -> (0.00,55.00,0.00)
[Lua] 
[Lua] ==========================================
[Lua]   ROUND 11 - The Bridges
[Lua] ==========================================
[Lua] Stay on the tiles!
[Lua] 
[Sync] Teleport character lua_id=126 -> (5.00,6.50,5.00)
[Lua] Safe zone appeared at tile 3,10
[Lua] Safe zone appeared at tile 2,6
[Lua] SurvivalBot fell into the lava!
[Lua] 
[Lua] No one survived round 11!
[Lua] === SCOREBOARD ===
[Lua]   1. SurvivalBot - 0 wins
[Lua] ==================
[Lua] Next round in 6 seconds...
[Sync] Teleport character lua_id=126 -> (0.00,55.00,0.00)
[Lua] 
[Lua] ==========================================
[Lua]   ROUND 12 - The Volcano
[Lua] ==========================================
[Lua] Stay on the tiles!
[Lua] 
[Sync] Teleport character lua_id=126 -> (25.00,6.50,25.00)
[Lua] Safe zone appeared at tile 10,5
[Lua] Ring 1 collapsing! (20 tiles)
[Lua] SurvivalBot fell into the lava!
[Lua] 
[Lua] No one survived round 12!
[Lua] === SCOREBOARD ===
[Lua]   1. SurvivalBot - 0 wins
[Lua] ==================
[Lua] Next round in 6 seconds...
[Sync] Teleport character lua_id=126 -> (0.00,55.00,0.00)
[Lua] 
[Lua] ==========================================
[Lua]   ROUND 13 - The Meadow
[Lua] ==========================================
[Lua] Stay on the tiles!
[Lua] 
[Sync] Teleport character lua_id=126 -> (35.00,6.50,-35.00)
[Lua] Safe zone appeared at tile 2,10
[Lua] Safe zone appeared at tile 7,7
[Lua] Ring 1 collapsing! (23 tiles)
[Lua] Safe zone appeared at tile 3,2
[Lua] SurvivalBot fell into the lava!
[Lua] 
[Lua] No one survived round 13!
[Lua] === SCOREBOARD ===
[Lua]   1. SurvivalBot - 0 wins
[Lua] ==================
[Lua] Next round in 6 seconds...
[Sync] Teleport character lua_id=126 -> (0.00,55.00,0.00)
[Lua] 
[Lua] ==========================================
[Lua]   ROUND 14 - The Ruins
[Lua] ==========================================
[Lua] Stay on the tiles!
[Lua] 
[Sync] Teleport character lua_id=126 -> (35.00,6.50,5.00)
[Lua] Safe zone appeared at tile 9,7
[Lua] Safe zone appeared at tile 10,6
[Lua] Ring 1 collapsing! (22 tiles)
[Lua] SurvivalBot fell into the lava!
[Lua] 
[Lua] No one survived round 14!
[Lua] === SCOREBOARD ===
[Lua]   1. SurvivalBot - 0 wins
[Lua] ==================
[Lua] Next round in 6 seconds...
[Sync] Teleport character lua_id=126 -> (0.00,55.00,0.00)
[Lua] 
[Lua] ==========================================
[Lua]   ROUND 15 - The Bridges
[Lua] ==========================================
[Lua] Stay on the tiles!
[Lua] 
[Sync] Teleport character lua_id=126 -> (-5.00,6.50,-35.00)
[Lua] Safe zone appeared at tile 2,5
[AFK] Kicking player SurvivalBot (idle for 300s)
[Lua] Safe zone appeared at tile 10,8

Shutting down...
