[21:53:53] === GAME START ===
[21:53:53] Joined game: Joined existing instance
[21:53:54] DIED AND RESPAWNED! Warped 482 studs back to base. Death #1
[21:53:54] SPAWN WAVE: 33 new brainrots appeared (4 Secret, 11 Legendary, 4 Epic, 5 Rare, 7 Uncommon, 2 Common). Best: Secret $1500
[21:53:56] STATUS: $0 cash | Speed 1 | $0/s passive | Base 0/10 | Session: 0 trips, $0 earned, 1 deaths, streak 0
[21:53:56] SHELTERING: tsunami active, waiting it out at base
[21:54:08] PLAYING SAFE: wave in 5s, staying at base
[21:54:14] TRIP #1: going for Common brainrot ($10), 157 studs away (~10s travel).
[21:54:25] MISSED! The Common brainrot vanished before we could grab it
[21:54:26] TARGET STOLEN! Someone snatched the $10 Common brainrot we were going for
[21:54:26] HIGH-VALUE SPAWN: Epic $850 appeared on the map
[21:54:26] STATUS: $0 cash | Speed 1 | $0/s passive | Base 0/10 | Session: 1 trips, $0 earned, 1 deaths, streak 0
[21:54:26] SHELTERING: tsunami active, waiting it out at base
[21:54:38] PLAYING SAFE: wave in 3s, staying at base
[21:54:45] TRIP #2: going for Common brainrot ($10), 163 studs away (~10s travel).
[21:54:56] MISSED! The Common brainrot vanished before we could grab it
[21:54:56] TARGET STOLEN! Someone snatched the $10 Common brainrot we were going for
[21:54:56] STATUS: $0 cash | Speed 1 | $0/s passive | Base 0/10 | Session: 2 trips, $0 earned, 1 deaths, streak 0
[21:54:56] SHELTERING: tsunami active, waiting it out at base
[21:55:09] PLAYING SAFE: wave in 2s, staying at base
[21:55:15] SHELTERING: tsunami active, waiting it out at base
[21:55:27] STATUS: $0 cash | Speed 1 | $0/s passive | Base 0/10 | Session: 2 trips, $0 earned, 1 deaths, streak 0
[21:55:58] HIGH-VALUE SPAWN: Legendary $1500 appeared on the map
[21:55:58] STATUS: $0 cash | Speed 1 | $0/s passive | Base 0/10 | Session: 2 trips, $0 earned, 1 deaths, streak 0
[21:56:04] PLAYING SAFE: wave in 4s, staying at base
[21:56:11] TRIP #3: going for Uncommon brainrot ($30), 115 studs away (~7s travel).
[21:56:19] MISSED! The Uncommon brainrot vanished before we could grab it
[21:56:19] TARGET STOLEN! Someone snatched the $30 Uncommon brainrot we were going for
[21:56:20] SHELTERING: tsunami active, waiting it out at base
[21:56:32] STATUS: $0 cash | Speed 1 | $0/s passive | Base 0/10 | Session: 3 trips, $0 earned, 1 deaths, streak 0
[21:56:32] PLAYING SAFE: wave in 5s, staying at base
[21:56:38] TRIP #4: going for Common brainrot ($10), 156 studs away (~10s travel).
[21:56:50] MISSED! The Common brainrot vanished before we could grab it
[21:56:50] TARGET STOLEN! Someone snatched the $10 Common brainrot we were going for
[21:56:51] TRIP #5: going for Uncommon brainrot ($30), 71 studs away (~4s travel).
[21:56:56] MISSED! The Uncommon brainrot vanished before we could grab it
[21:56:57] TARGET STOLEN! Someone snatched the $30 Uncommon brainrot we were going for
[21:56:57] SHELTERING: tsunami active, waiting it out at base
[21:57:03] STATUS: $0 cash | Speed 1 | $0/s passive | Base 0/10 | Session: 5 trips, $0 earned, 1 deaths, streak 0
[21:57:03] PLAYING SAFE: wave in 3s, staying at base
[21:57:10] TRIP #6: going for Uncommon brainrot ($30), 144 studs away (~9s travel).
[21:57:22] MISSED! The Uncommon brainrot vanished before we could grab it
[21:57:23] SHELTERING: tsunami active, waiting it out at base
[21:57:36] STATUS: $0 cash | Speed 1 | $0/s passive | Base 0/10 | Session: 6 trips, $0 earned, 1 deaths, streak 0
[21:57:36] TRIP #7: going for Uncommon brainrot ($30), 144 studs away (~9s travel).
[21:57:47] MISSED! The Uncommon brainrot vanished before we could grab it
[21:57:48] TRIP #8: going for Uncommon brainrot ($30), 0 studs away (~0s travel).
[21:57:52] === GAME START ===
[21:57:52] MISSED! The Uncommon brainrot vanished before we could grab it
[21:57:52] Observe failed: Expecting value: line 1 column 1 (char 0), retrying...
[21:57:52] Joined game: Joined existing instance
[21:57:53] SPAWN WAVE: 31 new brainrots appeared (4 Secret, 12 Legendary, 5 Epic, 7 Rare, 2 Uncommon, 1 Common). Best: Legendary $1500
[21:57:53] STATUS: $0 cash | Speed 1 | $0/s passive | Base 0/10 | Session: 0 trips, $0 earned, 0 deaths, streak 0
[21:57:53] TRIP #1: going for Common brainrot ($10), 222 studs away (~14s travel). [risky nearest fallback]
[21:57:55] TARGET STOLEN! Someone snatched the $30 Uncommon brainrot we were going for
[21:57:55] SHELTERING: tsunami active, waiting it out at base
[21:58:01] PLAYING SAFE: wave in 3s, staying at base
[21:58:07] STATUS: $0 cash | Speed 1 | $0/s passive | Base 0/10 | Session: 8 trips, $0 earned, 1 deaths, streak 0
[21:58:07] SHELTERING: tsunami active, waiting it out at base
[21:58:33] PLAYING SAFE: wave in 0s, staying at base
[21:58:39] STATUS: $0 cash | Speed 1 | $0/s passive | Base 0/10 | Session: 8 trips, $0 earned, 1 deaths, streak 0
[21:58:39] SHELTERING: tsunami active, waiting it out at base
[21:58:57] PLAYING SAFE: wave in 5s, staying at base
[21:59:03] SHELTERING: tsunami active, waiting it out at base
[21:59:10] STATUS: $0 cash | Speed 1 | $0/s passive | Base 0/10 | Session: 8 trips, $0 earned, 1 deaths, streak 0
[21:59:28] PLAYING SAFE: wave in 3s, staying at base
[21:59:34] SHELTERING: tsunami active, waiting it out at base
[21:59:46] STATUS: $0 cash | Speed 1 | $0/s passive | Base 0/10 | Session: 8 trips, $0 earned, 1 deaths, streak 0
[21:59:58] PLAYING SAFE: wave in 2s, staying at base
[22:00:04] SHELTERING: tsunami active, waiting it out at base
[22:00:22] STATUS: $0 cash | Speed 1 | $0/s passive | Base 0/10 | Session: 8 trips, $0 earned, 1 deaths, streak 0
[22:00:28] PLAYING SAFE: wave in 1s, staying at base
[22:00:39] === GAME START ===
[22:00:40] Joined game: Joined existing instance
[22:00:40] DIED AND RESPAWNED! Warped 482 studs back to base. Death #1
[22:00:40] SPAWN WAVE: 30 new brainrots appeared (4 Secret, 12 Legendary, 5 Epic, 7 Rare, 1 Uncommon, 1 Common). Best: Legendary $1500
[22:00:40] STATUS: $0 cash | Speed 1 | $0/s passive | Base 0/10 | Session: 0 trips, $0 earned, 1 deaths, streak 0
[22:00:40] SHELTERING: tsunami active, waiting it out at base
[22:01:13] === GAME START ===
[22:01:13] Joined game: Joined existing instance
[22:01:14] SPAWN WAVE: 30 new brainrots appeared (4 Secret, 12 Legendary, 5 Epic, 7 Rare, 1 Uncommon, 1 Common). Best: Legendary $1500
[22:01:14] STATUS: $0 cash | Speed 1 | $0/s passive | Base 0/10 | Session: 0 trips, $0 earned, 0 deaths, streak 0
[22:01:14] SHELTERING: tsunami active, waiting it out at base
[22:01:23] PLAYING SAFE: wave in 3s, staying at base
[22:01:29] SHELTERING: tsunami active, waiting it out at base
[22:01:50] === GAME START ===
[22:01:50] Joined game: Joined existing instance
[22:01:51] DIED AND RESPAWNED! Warped 482 studs back to base. Death #1
[22:01:51] SPAWN WAVE: 30 new brainrots appeared (4 Secret, 12 Legendary, 5 Epic, 7 Rare, 1 Uncommon, 1 Common). Best: Legendary $1500
[22:01:51] STATUS: $0 cash | Speed 1 | $0/s passive | Base 0/10 | Session: 0 trips, $0 earned, 1 deaths, streak 0
[22:01:51] PLAYING SAFE: wave in 5s, staying at base
[22:02:36] === GAME START ===
[22:02:36] Joined game: Joined existing instance
[22:02:37] DIED AND RESPAWNED! Warped 482 studs back to base. Death #1
[22:02:37] SPAWN WAVE: 30 new brainrots appeared (4 Secret, 12 Legendary, 5 Epic, 7 Rare, 1 Uncommon, 1 Common). Best: Legendary $1500
[22:02:37] STATUS: $0 cash | Speed 1 | $0/s passive | Base 0/10 | Session: 0 trips, $0 earned, 1 deaths, streak 0
[22:02:37] SHELTERING: tsunami active, waiting it out at base
[22:03:18] === GAME START ===
[22:03:18] Joined game: Joined existing instance
[22:03:18] SPAWN WAVE: 30 new brainrots appeared (4 Secret, 12 Legendary, 5 Epic, 7 Rare, 1 Uncommon, 1 Common). Best: Legendary $1500
[22:03:19] STATUS: $0 cash | Speed 1 | $0/s passive | Base 0/10 | Session: 0 trips, $0 earned, 0 deaths, streak 0
[22:03:19] PLAYING SAFE: wave in 4s, staying at base
[22:04:17] === GAME START ===
[22:04:18] Joined game: Joined existing instance
[22:04:18] DIED AND RESPAWNED! Warped 482 studs back to base. Death #1
[22:04:18] SPAWN WAVE: 30 new brainrots appeared (4 Secret, 12 Legendary, 5 Epic, 7 Rare, 1 Uncommon, 1 Common). Best: Legendary $1500
[22:04:18] STATUS: $0 cash | Speed 1 | $0/s passive | Base 0/10 | Session: 0 trips, $0 earned, 1 deaths, streak 0
[22:04:18] PLAYING SAFE: wave in 2s, staying at base
[22:04:21] SHELTERING: tsunami active, waiting it out at base
[22:04:46] PLAYING SAFE: wave in 3s, staying at base
[22:04:49] STATUS: $0 cash | Speed 1 | $0/s passive | Base 0/10 | Session: 0 trips, $0 earned, 1 deaths, streak 0
[22:04:49] SHELTERING: tsunami active, waiting it out at base
[22:05:44] === GAME START ===
[22:05:44] Joined game: Joined existing instance
[22:05:44] DIED AND RESPAWNED! Warped 482 studs back to base. Death #1
[22:05:44] SPAWN WAVE: 30 new brainrots appeared (4 Secret, 12 Legendary, 5 Epic, 7 Rare, 1 Uncommon, 1 Common). Best: Legendary $1500
[22:05:45] STATUS: $0 cash | Speed 1 | $0/s passive | Base 0/10 | Session: 0 trips, $0 earned, 1 deaths, streak 0
[22:05:45] TRIP #1: going for Common brainrot ($10), 210 studs away (~13s travel). RISKY: only 2s before next wave!
[22:05:59] COLLECTED: grabbed Common brainrot worth $10
[22:05:59] RACING HOME: 210 studs to base with $10, wave closing in!
[22:06:15] DEPOSITED $10 Common! Cash: $0, passive: $1/s.
[22:06:16] STATUS: $1 cash | Speed 1 | $1/s passive | Base 1/10 | Session: 1 trips, $10 earned, 1 deaths, streak 1
[22:06:16] TRIP #2: going for Common brainrot ($10), 177 studs away (~11s travel). RISKY: only 0s before next wave!
[22:06:28] COLLECTED: grabbed Common brainrot worth $10
[22:06:28] RACING HOME: 177 studs to base with $10, wave closing in!
[22:06:50] === GAME START ===
[22:06:50] Joined game: Joined existing instance
[22:06:50] SPAWN WAVE: 31 new brainrots appeared (5 Secret, 12 Legendary, 5 Epic, 7 Rare, 1 Uncommon, 1 Common). Best: Legendary $1500
[22:06:50] STATUS: $0 cash | Speed 1 | $1/s passive | Base 1/10 | Session: 0 trips, $0 earned, 0 deaths, streak 0
[22:06:50] TRIP #1: going for Common brainrot ($10), 84 studs away (~5s travel).
[22:08:03] === GAME START ===
[22:08:04] Joined game: Joined existing instance
[22:08:05] DIED AND RESPAWNED! Warped 482 studs back to base. Death #1
[22:08:05] SPAWN WAVE: 31 new brainrots appeared (5 Secret, 12 Legendary, 5 Epic, 7 Rare, 1 Uncommon, 1 Common). Best: Legendary $1500
[22:08:05] STATUS: $36 cash | Speed 1 | $1/s passive | Base 1/10 | Session: 0 trips, $0 earned, 1 deaths, streak 0
[22:08:05] TRIP #1: going for Common brainrot ($10), 0 studs away (~0s travel).
[22:08:08] MISSED! The Common brainrot vanished before we could grab it
[22:08:09] TRIP #2: going for Common brainrot ($10), 0 studs away (~0s travel). RISKY: only 3s before next wave!
[22:08:13] MISSED! The Common brainrot vanished before we could grab it
[22:08:13] TRIP #3: going for Common brainrot ($10), 0 studs away (~0s travel).
[22:08:16] MISSED! The Common brainrot vanished before we could grab it
[22:08:17] TRIP #4: going for Common brainrot ($10), 0 studs away (~0s travel).
[22:08:20] MISSED! The Common brainrot vanished before we could grab it
[22:08:21] TRIP #5: going for Common brainrot ($10), 0 studs away (~0s travel).
[22:08:24] MISSED! The Common brainrot vanished before we could grab it
[22:08:39] === GAME START ===
[22:08:39] Joined game: Joined existing instance
[22:08:40] SPAWN WAVE: 31 new brainrots appeared (5 Secret, 12 Legendary, 5 Epic, 7 Rare, 1 Uncommon, 1 Common). Best: Legendary $1500
[22:08:40] STATUS: $0 cash | Speed 1 | $1/s passive | Base 1/10 | Session: 0 trips, $0 earned, 0 deaths, streak 0
[22:08:40] TRIP #1: going for Common brainrot ($10), 84 studs away (~5s travel). RISKY: only 1s before next wave!
[22:08:58] === GAME START ===
[22:08:59] Joined game: Joined existing instance
[22:09:00] DIED AND RESPAWNED! Warped 482 studs back to base. Death #1
[22:09:00] SPAWN WAVE: 31 new brainrots appeared (5 Secret, 12 Legendary, 5 Epic, 7 Rare, 1 Uncommon, 1 Common). Best: Legendary $1500
[22:09:00] STATUS: $73 cash | Speed 1 | $1/s passive | Base 1/10 | Session: 0 trips, $0 earned, 1 deaths, streak 0
[22:09:00] TRIP #1: going for Common brainrot ($10), 0 studs away (~0s travel).
[22:09:02] MISSED! The Common brainrot vanished before we could grab it
[22:09:02] TRIP #2: going for Common brainrot ($10), 0 studs away (~0s travel).
[22:09:04] MISSED! The Common brainrot vanished before we could grab it
[22:09:05] TRIP #2: going for Common brainrot ($10), 0 studs away (~0s travel). RISKY: only 5s before next wave!
[22:09:06] MISSED! The Common brainrot vanished before we could grab it
[22:09:07] TRIP #3: going for Common brainrot ($10), 0 studs away (~0s travel). RISKY: only 3s before next wave!
[22:09:09] MISSED! The Common brainrot vanished before we could grab it
[22:09:10] TRIP #3: going for Common brainrot ($10), 0 studs away (~0s travel). RISKY: only 0s before next wave!
[22:09:11] MISSED! The Common brainrot vanished before we could grab it
[22:09:11] STATUS: $85 cash | Speed 1 | $1/s passive | Base 1/10 | Session: 3 trips, $0 earned, 0 deaths, streak 0
[22:09:11] TRIP #4: going for Common brainrot ($10), 0 studs away (~0s travel).
[22:09:13] MISSED! The Common brainrot vanished before we could grab it
[22:09:14] TRIP #4: going for Common brainrot ($10), 0 studs away (~0s travel).
[22:09:15] MISSED! The Common brainrot vanished before we could grab it
[22:09:15] TRIP #5: going for Common brainrot ($10), 0 studs away (~0s travel).
[22:09:17] MISSED! The Common brainrot vanished before we could grab it
[22:09:18] TRIP #5: going for Common brainrot ($10), 0 studs away (~0s travel).
[22:09:18] MISSED! The Common brainrot vanished before we could grab it
[22:09:19] TRIP #6: going for Common brainrot ($10), 0 studs away (~0s travel).
[22:09:21] MISSED! The Common brainrot vanished before we could grab it
[22:09:21] TRIP #6: going for Common brainrot ($10), 0 studs away (~0s travel).
[22:09:22] MISSED! The Common brainrot vanished before we could grab it
[22:09:23] TRIP #7: going for Common brainrot ($10), 0 studs away (~0s travel).
[22:09:24] === GAME START ===
[22:09:25] MISSED! The Common brainrot vanished before we could grab it
[22:09:26] Joined game: Joined existing instance
[22:09:26] TRIP #7: going for Common brainrot ($10), 84 studs away (~5s travel).
[22:09:26] SPAWN WAVE: 31 new brainrots appeared (5 Secret, 12 Legendary, 5 Epic, 7 Rare, 1 Uncommon, 1 Common). Best: Legendary $1500
[22:09:26] MISSED! The Common brainrot vanished before we could grab it
[22:09:26] STATUS: $0 cash | Speed 1 | $1/s passive | Base 1/10 | Session: 0 trips, $0 earned, 0 deaths, streak 0
[22:09:26] TRIP #1: going for Common brainrot ($10), 84 studs away (~5s travel).
[22:09:27] TRIP #8: going for Common brainrot ($10), 84 studs away (~5s travel).
[22:10:15] === GAME START ===
[22:10:15] Joined game: Joined existing instance
[22:10:16] DIED AND RESPAWNED! Warped 482 studs back to base. Death #1
[22:10:16] SPAWN WAVE: 31 new brainrots appeared (5 Secret, 12 Legendary, 5 Epic, 7 Rare, 1 Uncommon, 1 Common). Best: Legendary $1500
[22:10:16] STATUS: $100 cash | Speed 1 | $1/s passive | Base 1/10 | Session: 0 trips, $0 earned, 1 deaths, streak 0
[22:10:16] BUYING UPGRADE: speed level 2 for $100
[22:10:17] MISSED! The Common brainrot vanished before we could grab it
[22:10:17] SPEED UP! Now level 2 (20 studs/s)
[22:10:17] STATUS: $1 cash | Speed 2 | $1/s passive | Base 1/10 | Session: 7 trips, $0 earned, 1 deaths, streak 0
[22:10:17] TRIP #8: going for Common brainrot ($10), 0 studs away (~0s travel).
[22:10:18] SPEED UP! Now level 2 (20 studs/s)
[22:10:18] TRIP #1: going for Common brainrot ($10), 0 studs away (~0s travel).
[22:10:18] MISSED! The Common brainrot vanished before we could grab it
[22:10:18] MISSED! The Common brainrot vanished before we could grab it
[22:10:18] SPEED UP! Now level 2 (20 studs/s)
[22:10:18] SPEED UP! Now level 2 (20 studs/s)
[22:10:19] STATUS: $3 cash | Speed 2 | $1/s passive | Base 1/10 | Session: 1 trips, $0 earned, 0 deaths, streak 0
[22:10:19] TRIP #2: going for Common brainrot ($10), 0 studs away (~0s travel).
[22:10:19] STATUS: $3 cash | Speed 2 | $1/s passive | Base 1/10 | Session: 8 trips, $0 earned, 0 deaths, streak 0
[22:10:19] TRIP #9: going for Common brainrot ($10), 0 studs away (~0s travel).
[22:10:21] MISSED! The Common brainrot vanished before we could grab it
[22:10:21] TRIP #9: going for Common brainrot ($10), 0 studs away (~0s travel).
[22:10:22] MISSED! The Common brainrot vanished before we could grab it
[22:10:22] MISSED! The Common brainrot vanished before we could grab it
[22:10:22] MISSED! The Common brainrot vanished before we could grab it
[22:10:23] TRIP #2: going for Common brainrot ($10), 0 studs away (~0s travel).
[22:10:23] TRIP #10: going for Common brainrot ($10), 0 studs away (~0s travel).
[22:10:23] TRIP #3: going for Common brainrot ($10), 0 studs away (~0s travel).
[22:10:25] MISSED! The Common brainrot vanished before we could grab it
[22:10:26] TRIP #10: going for Common brainrot ($10), 0 studs away (~0s travel).
[22:10:26] MISSED! The Common brainrot vanished before we could grab it
[22:10:27] MISSED! The Common brainrot vanished before we could grab it
[22:10:27] MISSED! The Common brainrot vanished before we could grab it
[22:10:27] TRIP #3: going for Common brainrot ($10), 0 studs away (~0s travel).
[22:10:27] TRIP #11: going for Common brainrot ($10), 0 studs away (~0s travel).
[22:10:27] TRIP #4: going for Common brainrot ($10), 0 studs away (~0s travel).
[22:10:29] MISSED! The Common brainrot vanished before we could grab it
[22:10:30] TRIP #11: going for Common brainrot ($10), 0 studs away (~0s travel).
[22:10:30] MISSED! The Common brainrot vanished before we could grab it
[22:10:31] MISSED! The Common brainrot vanished before we could grab it
[22:10:31] MISSED! The Common brainrot vanished before we could grab it
[22:10:31] TRIP #4: going for Common brainrot ($10), 0 studs away (~0s travel). RISKY: only 6s before next wave!
[22:10:32] TRIP #12: going for Common brainrot ($10), 0 studs away (~0s travel). RISKY: only 5s before next wave!
[22:10:32] TRIP #5: going for Common brainrot ($10), 0 studs away (~0s travel). RISKY: only 5s before next wave!
[22:10:33] MISSED! The Common brainrot vanished before we could grab it
[22:10:34] TRIP #12: going for Common brainrot ($10), 0 studs away (~0s travel). RISKY: only 3s before next wave!
[22:10:34] MISSED! The Common brainrot vanished before we could grab it
[22:10:35] MISSED! The Common brainrot vanished before we could grab it
[22:10:35] TRIP #5: going for Common brainrot ($10), 0 studs away (~0s travel). RISKY: only 1s before next wave!
[22:10:35] TRIP #13: going for Common brainrot ($10), 0 studs away (~0s travel). RISKY: only 1s before next wave!
[22:10:36] MISSED! The Common brainrot vanished before we could grab it
[22:10:36] TRIP #6: going for Common brainrot ($10), 0 studs away (~0s travel).
[22:10:37] MISSED! The Common brainrot vanished before we could grab it
[22:10:38] TRIP #13: going for Common brainrot ($10), 0 studs away (~0s travel).
[22:10:38] MISSED! The Common brainrot vanished before we could grab it
[22:10:38] MISSED! The Common brainrot vanished before we could grab it
[22:10:39] TRIP #6: going for Common brainrot ($10), 0 studs away (~0s travel).
[22:10:40] MISSED! The Common brainrot vanished before we could grab it
[22:10:40] TRIP #14: going for Common brainrot ($10), 0 studs away (~0s travel).
[22:10:40] TRIP #7: going for Common brainrot ($10), 0 studs away (~0s travel).
[22:10:41] MISSED! The Common brainrot vanished before we could grab it
[22:10:42] TRIP #14: going for Common brainrot ($10), 0 studs away (~0s travel).
[22:10:42] MISSED! The Common brainrot vanished before we could grab it
[22:10:43] TRIP #7: going for Common brainrot ($10), 0 studs away (~0s travel).
[22:10:43] MISSED! The Common brainrot vanished before we could grab it
[22:10:44] TRIP #15: going for Common brainrot ($10), 0 studs away (~0s travel).
[22:10:45] MISSED! The Common brainrot vanished before we could grab it
[22:10:45] MISSED! The Common brainrot vanished before we could grab it
[22:10:45] TRIP #8: going for Common brainrot ($10), 0 studs away (~0s travel).
[22:10:45] TRIP #15: going for Common brainrot ($10), 0 studs away (~0s travel).
[22:10:46] MISSED! The Common brainrot vanished before we could grab it
[22:10:47] STATUS: $31 cash | Speed 2 | $1/s passive | Base 1/10 | Session: 7 trips, $0 earned, 1 deaths, streak 0
[22:10:47] TRIP #8: going for Common brainrot ($10), 0 studs away (~0s travel).
[22:10:48] MISSED! The Common brainrot vanished before we could grab it
[22:10:49] STATUS: $34 cash | Speed 2 | $1/s passive | Base 1/10 | Session: 15 trips, $0 earned, 0 deaths, streak 0
[22:10:49] TRIP #16: going for Common brainrot ($10), 0 studs away (~0s travel).
[22:10:49] MISSED! The Common brainrot vanished before we could grab it
[22:10:49] MISSED! The Common brainrot vanished before we could grab it
[22:10:50] STATUS: $35 cash | Speed 2 | $1/s passive | Base 1/10 | Session: 8 trips, $0 earned, 0 deaths, streak 0
[22:10:50] TRIP #9: going for Common brainrot ($10), 0 studs away (~0s travel).
[22:10:50] STATUS: $35 cash | Speed 2 | $1/s passive | Base 1/10 | Session: 15 trips, $0 earned, 1 deaths, streak 0
[22:10:50] TRIP #16: going for Common brainrot ($10), 0 studs away (~0s travel).
[22:10:50] MISSED! The Common brainrot vanished before we could grab it
[22:10:51] TRIP #9: going for Common brainrot ($10), 0 studs away (~0s travel).
[22:10:52] MISSED! The Common brainrot vanished before we could grab it
[22:10:53] TRIP #17: going for Common brainrot ($10), 0 studs away (~0s travel).
[22:10:53] MISSED! The Common brainrot vanished before we could grab it
[22:10:54] TRIP #17: going for Common brainrot ($10), 0 studs away (~0s travel).
[22:10:54] MISSED! The Common brainrot vanished before we could grab it
[22:10:55] TRIP #10: going for Common brainrot ($10), 0 studs away (~0s travel).
[22:10:55] MISSED! The Common brainrot vanished before we could grab it
[22:10:55] TRIP #10: going for Common brainrot ($10), 0 studs away (~0s travel).
[22:10:56] MISSED! The Common brainrot vanished before we could grab it
[22:10:57] MISSED! The Common brainrot vanished before we could grab it
[22:10:57] TRIP #18: going for Common brainrot ($10), 0 studs away (~0s travel).
[22:10:58] TRIP #18: going for Common brainrot ($10), 0 studs away (~0s travel).
[22:10:58] MISSED! The Common brainrot vanished before we could grab it
[22:10:58] TRIP #11: going for Common brainrot ($10), 0 studs away (~0s travel).
[22:11:00] MISSED! The Common brainrot vanished before we could grab it
[22:11:00] TRIP #11: going for Common brainrot ($10), 0 studs away (~0s travel). RISKY: only 5s before next wave!
[22:11:01] MISSED! The Common brainrot vanished before we could grab it
[22:11:01] MISSED! The Common brainrot vanished before we could grab it
[22:11:01] TRIP #19: going for Common brainrot ($10), 0 studs away (~0s travel). RISKY: only 4s before next wave!
[22:11:01] TRIP #19: going for Common brainrot ($10), 0 studs away (~0s travel). RISKY: only 4s before next wave!
[22:11:02] MISSED! The Common brainrot vanished before we could grab it
[22:11:02] TRIP #12: going for Common brainrot ($10), 0 studs away (~0s travel). RISKY: only 3s before next wave!
[22:11:04] MISSED! The Common brainrot vanished before we could grab it
[22:11:04] TRIP #12: going for Common brainrot ($10), 0 studs away (~0s travel). RISKY: only 1s before next wave!
[22:11:05] MISSED! The Common brainrot vanished before we could grab it
[22:11:05] MISSED! The Common brainrot vanished before we could grab it
[22:11:05] TRIP #20: going for Common brainrot ($10), 0 studs away (~0s travel). RISKY: only 0s before next wave!
[22:11:05] TRIP #20: going for Common brainrot ($10), 0 studs away (~0s travel).
[22:11:05] MISSED! The Common brainrot vanished before we could grab it
[22:11:06] TRIP #13: going for Common brainrot ($10), 0 studs away (~0s travel).
[22:11:08] MISSED! The Common brainrot vanished before we could grab it
[22:11:08] TRIP #13: going for Common brainrot ($10), 0 studs away (~0s travel).
[22:11:08] MISSED! The Common brainrot vanished before we could grab it
[22:11:08] MISSED! The Common brainrot vanished before we could grab it
[22:11:09] TRIP #21: going for Common brainrot ($10), 0 studs away (~0s travel).
[22:11:09] MISSED! The Common brainrot vanished before we could grab it
[22:11:09] TRIP #21: going for Common brainrot ($10), 0 studs away (~0s travel).
[22:11:10] TRIP #14: going for Common brainrot ($10), 0 studs away (~0s travel).
[22:11:12] MISSED! The Common brainrot vanished before we could grab it
[22:11:12] TRIP #14: going for Common brainrot ($10), 0 studs away (~0s travel).
[22:11:12] MISSED! The Common brainrot vanished before we could grab it
[22:11:13] TRIP #22: going for Common brainrot ($10), 0 studs away (~0s travel).
[22:11:13] MISSED! The Common brainrot vanished before we could grab it
[22:11:13] MISSED! The Common brainrot vanished before we could grab it
[22:11:14] TRIP #15: going for Common brainrot ($10), 0 studs away (~0s travel).
[22:11:14] TRIP #22: going for Common brainrot ($10), 0 studs away (~0s travel).
[22:11:15] MISSED! The Common brainrot vanished before we could grab it
[22:11:16] TRIP #15: going for Common brainrot ($10), 0 studs away (~0s travel).
[22:11:16] MISSED! The Common brainrot vanished before we could grab it
[22:11:17] TRIP #23: going for Common brainrot ($10), 0 studs away (~0s travel).
[22:11:17] MISSED! The Common brainrot vanished before we could grab it
[22:11:17] MISSED! The Common brainrot vanished before we could grab it
[22:11:18] STATUS: $64 cash | Speed 2 | $1/s passive | Base 1/10 | Session: 15 trips, $0 earned, 1 deaths, streak 0
[22:11:18] TRIP #16: going for Common brainrot ($10), 0 studs away (~0s travel).
[22:11:19] TRIP #23: going for Common brainrot ($10), 0 studs away (~0s travel).
[22:11:19] MISSED! The Common brainrot vanished before we could grab it
[22:11:20] MISSED! The Common brainrot vanished before we could grab it
[22:11:21] STATUS: $66 cash | Speed 2 | $1/s passive | Base 1/10 | Session: 15 trips, $0 earned, 0 deaths, streak 0
[22:11:21] TRIP #16: going for Common brainrot ($10), 0 studs away (~0s travel).
[22:11:21] STATUS: $67 cash | Speed 2 | $1/s passive | Base 1/10 | Session: 23 trips, $0 earned, 0 deaths, streak 0
[22:11:21] TRIP #24: going for Common brainrot ($10), 0 studs away (~0s travel).
[22:11:21] MISSED! The Common brainrot vanished before we could grab it
[22:11:23] TRIP #17: going for Common brainrot ($10), 0 studs away (~0s travel).
[22:11:23] MISSED! The Common brainrot vanished before we could grab it
[22:11:24] STATUS: $70 cash | Speed 2 | $1/s passive | Base 1/10 | Session: 23 trips, $0 earned, 1 deaths, streak 0
[22:11:24] TRIP #24: going for Common brainrot ($10), 0 studs away (~0s travel).
[22:11:25] MISSED! The Common brainrot vanished before we could grab it
[22:11:25] MISSED! The Common brainrot vanished before we could grab it
[22:11:25] TRIP #25: going for Common brainrot ($10), 0 studs away (~0s travel).
[22:11:26] TRIP #17: going for Common brainrot ($10), 0 studs away (~0s travel).
[22:11:27] MISSED! The Common brainrot vanished before we could grab it
[22:11:27] MISSED! The Common brainrot vanished before we could grab it
[22:11:28] TRIP #18: going for Common brainrot ($10), 0 studs away (~0s travel).
[22:11:28] TRIP #25: going for Common brainrot ($10), 0 studs away (~0s travel).
[22:11:29] MISSED! The Common brainrot vanished before we could grab it
[22:11:30] TRIP #26: going for Common brainrot ($10), 0 studs away (~0s travel). RISKY: only 5s before next wave!
[22:11:30] MISSED! The Common brainrot vanished before we could grab it
[22:11:31] TRIP #18: going for Common brainrot ($10), 0 studs away (~0s travel). RISKY: only 4s before next wave!
[22:11:31] MISSED! The Common brainrot vanished before we could grab it
[22:11:32] MISSED! The Common brainrot vanished before we could grab it
[22:11:32] TRIP #19: going for Common brainrot ($10), 0 studs away (~0s travel). RISKY: only 3s before next wave!
[22:11:32] TRIP #26: going for Common brainrot ($10), 0 studs away (~0s travel). RISKY: only 2s before next wave!
[22:11:33] MISSED! The Common brainrot vanished before we could grab it
[22:11:34] TRIP #27: going for Common brainrot ($10), 0 studs away (~0s travel). RISKY: only 1s before next wave!
[22:11:34] MISSED! The Common brainrot vanished before we could grab it
[22:11:35] TRIP #19: going for Common brainrot ($10), 0 studs away (~0s travel).
[22:11:35] MISSED! The Common brainrot vanished before we could grab it
[22:11:36] MISSED! The Common brainrot vanished before we could grab it
[22:11:36] TRIP #20: going for Common brainrot ($10), 0 studs away (~0s travel).
[22:11:36] TRIP #27: going for Common brainrot ($10), 0 studs away (~0s travel).
[22:11:37] MISSED! The Common brainrot vanished before we could grab it
[22:11:38] TRIP #28: going for Common brainrot ($10), 0 studs away (~0s travel).
[22:11:38] MISSED! The Common brainrot vanished before we could grab it
[22:11:39] TRIP #20: going for Common brainrot ($10), 0 studs away (~0s travel).
[22:11:39] MISSED! The Common brainrot vanished before we could grab it
[22:11:40] MISSED! The Common brainrot vanished before we could grab it
[22:11:40] TRIP #21: going for Common brainrot ($10), 0 studs away (~0s travel).
[22:11:40] TRIP #28: going for Common brainrot ($10), 0 studs away (~0s travel).
[22:11:41] MISSED! The Common brainrot vanished before we could grab it
[22:11:42] TRIP #29: going for Common brainrot ($10), 0 studs away (~0s travel).
[22:11:42] MISSED! The Common brainrot vanished before we could grab it
[22:11:42] TRIP #21: going for Common brainrot ($10), 0 studs away (~0s travel).
[22:11:43] MISSED! The Common brainrot vanished before we could grab it
[22:11:43] MISSED! The Common brainrot vanished before we could grab it
[22:11:44] TRIP #22: going for Common brainrot ($10), 0 studs away (~0s travel).
[22:11:44] TRIP #29: going for Common brainrot ($10), 0 studs away (~0s travel).
[22:11:45] MISSED! The Common brainrot vanished before we could grab it
[22:11:45] TRIP #30: going for Common brainrot ($10), 0 studs away (~0s travel).
[22:11:46] MISSED! The Common brainrot vanished before we could grab it
[22:11:47] TRIP #22: going for Common brainrot ($10), 0 studs away (~0s travel).
[22:11:47] MISSED! The Common brainrot vanished before we could grab it
[22:11:48] TRIP #30: going for Common brainrot ($10), 0 studs away (~0s travel).
[22:11:48] MISSED! The Common brainrot vanished before we could grab it
[22:11:49] MISSED! The Common brainrot vanished before we could grab it
[22:11:49] TRIP #31: going for Common brainrot ($10), 0 studs away (~0s travel).
[22:11:50] STATUS: $97 cash | Speed 2 | $1/s passive | Base 1/10 | Session: 22 trips, $0 earned, 1 deaths, streak 0
[22:11:50] TRIP #23: going for Common brainrot ($10), 0 studs away (~0s travel).
[22:11:50] MISSED! The Common brainrot vanished before we could grab it
[22:11:51] TRIP #23: going for Common brainrot ($10), 0 studs away (~0s travel).
[22:11:51] MISSED! The Common brainrot vanished before we could grab it
[22:11:52] TRIP #31: going for Common brainrot ($10), 0 studs away (~0s travel).
[22:11:53] MISSED! The Common brainrot vanished before we could grab it
[22:11:53] STATUS: $101 cash | Speed 2 | $1/s passive | Base 1/10 | Session: 31 trips, $0 earned, 0 deaths, streak 0
[22:11:53] TRIP #32: going for Common brainrot ($10), 0 studs away (~0s travel).
[22:11:53] MISSED! The Common brainrot vanished before we could grab it
[22:11:54] TRIP #24: going for Common brainrot ($10), 0 studs away (~0s travel).
[22:11:54] MISSED! The Common brainrot vanished before we could grab it
[22:11:55] STATUS: $102 cash | Speed 2 | $1/s passive | Base 1/10 | Session: 23 trips, $0 earned, 0 deaths, streak 0
[22:11:55] TRIP #24: going for Common brainrot ($10), 0 studs away (~0s travel).
[22:11:56] MISSED! The Common brainrot vanished before we could grab it
[22:11:56] STATUS: $104 cash | Speed 2 | $1/s passive | Base 1/10 | Session: 31 trips, $0 earned, 1 deaths, streak 0
[22:11:56] TRIP #32: going for Common brainrot ($10), 0 studs away (~0s travel).
[22:11:57] MISSED! The Common brainrot vanished before we could grab it
[22:11:57] TRIP #33: going for Common brainrot ($10), 0 studs away (~0s travel).
[22:11:58] MISSED! The Common brainrot vanished before we could grab it
[22:11:58] TRIP #25: going for Common brainrot ($10), 0 studs away (~0s travel). RISKY: only 5s before next wave!
[22:11:59] MISSED! The Common brainrot vanished before we could grab it
[22:11:59] TRIP #25: going for Common brainrot ($10), 0 studs away (~0s travel). RISKY: only 4s before next wave!
[22:12:00] MISSED! The Common brainrot vanished before we could grab it
[22:12:00] TRIP #33: going for Common brainrot ($10), 0 studs away (~0s travel). RISKY: only 3s before next wave!
[22:12:01] MISSED! The Common brainrot vanished before we could grab it
[22:12:02] TRIP #34: going for Common brainrot ($10), 0 studs away (~0s travel). RISKY: only 2s before next wave!
[22:12:02] MISSED! The Common brainrot vanished before we could grab it
[22:12:02] TRIP #26: going for Common brainrot ($10), 0 studs away (~0s travel). RISKY: only 1s before next wave!
[22:12:03] MISSED! The Common brainrot vanished before we could grab it
[22:12:03] TRIP #26: going for Common brainrot ($10), 0 studs away (~0s travel).
[22:12:04] MISSED! The Common brainrot vanished before we could grab it
[22:12:04] TRIP #34: going for Common brainrot ($10), 0 studs away (~0s travel).
[22:12:05] MISSED! The Common brainrot vanished before we could grab it
[22:12:06] TRIP #35: going for Common brainrot ($10), 0 studs away (~0s travel).
[22:12:06] MISSED! The Common brainrot vanished before we could grab it
[22:12:07] MISSED! The Common brainrot vanished before we could grab it
[22:12:07] TRIP #27: going for Common brainrot ($10), 0 studs away (~0s travel).
[22:12:07] TRIP #27: going for Common brainrot ($10), 0 studs away (~0s travel).
[22:12:08] MISSED! The Common brainrot vanished before we could grab it
[22:12:08] TRIP #35: going for Common brainrot ($10), 0 studs away (~0s travel).
[22:12:09] MISSED! The Common brainrot vanished before we could grab it
[22:12:10] TRIP #36: going for Common brainrot ($10), 0 studs away (~0s travel).
[22:12:10] MISSED! The Common brainrot vanished before we could grab it
[22:12:11] TRIP #28: going for Common brainrot ($10), 0 studs away (~0s travel).
[22:12:12] MISSED! The Common brainrot vanished before we could grab it
[22:12:12] MISSED! The Common brainrot vanished before we could grab it
[22:12:13] TRIP #28: going for Common brainrot ($10), 0 studs away (~0s travel).
[22:12:13] TRIP #36: going for Common brainrot ($10), 0 studs away (~0s travel).
[22:12:13] MISSED! The Common brainrot vanished before we could grab it
[22:12:14] MISSED! The Common brainrot vanished before we could grab it
[22:12:14] TRIP #37: going for Common brainrot ($10), 0 studs away (~0s travel).
[22:12:15] TRIP #29: going for Common brainrot ($10), 0 studs away (~0s travel).
[22:12:16] MISSED! The Common brainrot vanished before we could grab it
[22:12:16] MISSED! The Common brainrot vanished before we could grab it
[22:12:17] TRIP #29: going for Common brainrot ($10), 0 studs away (~0s travel).
[22:12:17] TRIP #37: going for Common brainrot ($10), 0 studs away (~0s travel).
[22:12:18] MISSED! The Common brainrot vanished before we could grab it
[22:12:18] MISSED! The Common brainrot vanished before we could grab it
[22:12:18] TRIP #38: going for Common brainrot ($10), 0 studs away (~0s travel).
[22:12:19] TRIP #30: going for Common brainrot ($10), 0 studs away (~0s travel).
[22:12:20] MISSED! The Common brainrot vanished before we could grab it
[22:12:20] MISSED! The Common brainrot vanished before we could grab it
[22:12:21] TRIP #30: going for Common brainrot ($10), 0 studs away (~0s travel).
[22:12:21] TRIP #38: going for Common brainrot ($10), 0 studs away (~0s travel).
[22:12:22] MISSED! The Common brainrot vanished before we could grab it
[22:12:22] MISSED! The Common brainrot vanished before we could grab it
[22:12:22] STATUS: $131 cash | Speed 2 | $1/s passive | Base 1/10 | Session: 30 trips, $0 earned, 1 deaths, streak 0
[22:12:22] TRIP #31: going for Common brainrot ($10), 0 studs away (~0s travel).
[22:12:22] TRIP #39: going for Common brainrot ($10), 0 studs away (~0s travel).
[22:12:24] MISSED! The Common brainrot vanished before we could grab it
[22:12:24] MISSED! The Common brainrot vanished before we could grab it
[22:12:24] TRIP #39: going for Common brainrot ($10), 0 studs away (~0s travel).
[22:12:25] TRIP #31: going for Common brainrot ($10), 0 studs away (~0s travel).
[22:12:25] MISSED! The Common brainrot vanished before we could grab it
[22:12:26] MISSED! The Common brainrot vanished before we could grab it
[22:12:26] STATUS: $135 cash | Speed 2 | $1/s passive | Base 1/10 | Session: 39 trips, $0 earned, 0 deaths, streak 0
[22:12:26] TRIP #40: going for Common brainrot ($10), 0 studs away (~0s travel).
[22:12:26] TRIP #32: going for Common brainrot ($10), 0 studs away (~0s travel).
[22:12:28] MISSED! The Common brainrot vanished before we could grab it
[22:12:28] MISSED! The Common brainrot vanished before we could grab it
[22:12:28] STATUS: $137 cash | Speed 2 | $1/s passive | Base 1/10 | Session: 31 trips, $0 earned, 0 deaths, streak 0
[22:12:28] TRIP #32: going for Common brainrot ($10), 0 studs away (~0s travel). RISKY: only 4s before next wave!
[22:12:29] STATUS: $137 cash | Speed 2 | $1/s passive | Base 1/10 | Session: 39 trips, $0 earned, 1 deaths, streak 0
[22:12:29] TRIP #40: going for Common brainrot ($10), 0 studs away (~0s travel). RISKY: only 4s before next wave!
[22:12:29] MISSED! The Common brainrot vanished before we could grab it
[22:12:29] MISSED! The Common brainrot vanished before we could grab it
[22:12:30] TRIP #41: going for Common brainrot ($10), 0 studs away (~0s travel). RISKY: only 2s before next wave!
[22:12:30] TRIP #33: going for Common brainrot ($10), 0 studs away (~0s travel). RISKY: only 2s before next wave!
[22:12:32] MISSED! The Common brainrot vanished before we could grab it
[22:12:32] MISSED! The Common brainrot vanished before we could grab it
[22:12:32] TRIP #33: going for Common brainrot ($10), 0 studs away (~0s travel).
[22:12:32] TRIP #41: going for Common brainrot ($10), 0 studs away (~0s travel).
[22:12:33] MISSED! The Common brainrot vanished before we could grab it
[22:12:33] MISSED! The Common brainrot vanished before we could grab it
[22:12:34] TRIP #34: going for Common brainrot ($10), 0 studs away (~0s travel).
[22:12:34] TRIP #42: going for Common brainrot ($10), 0 studs away (~0s travel).
[22:12:35] MISSED! The Common brainrot vanished before we could grab it
[22:12:36] MISSED! The Common brainrot vanished before we could grab it
[22:12:36] TRIP #34: going for Common brainrot ($10), 0 studs away (~0s travel).
[22:12:36] TRIP #42: going for Common brainrot ($10), 0 studs away (~0s travel).
[22:12:37] MISSED! The Common brainrot vanished before we could grab it
[22:12:37] MISSED! The Common brainrot vanished before we could grab it
[22:12:37] TRIP #35: going for Common brainrot ($10), 0 studs away (~0s travel).
[22:12:37] TRIP #43: going for Common brainrot ($10), 0 studs away (~0s travel).
[22:12:39] MISSED! The Common brainrot vanished before we could grab it
[22:12:40] TRIP #35: going for Common brainrot ($10), 0 studs away (~0s travel).
[22:12:40] MISSED! The Common brainrot vanished before we could grab it
[22:12:40] TRIP #43: going for Common brainrot ($10), 0 studs away (~0s travel).
[22:12:41] MISSED! The Common brainrot vanished before we could grab it
[22:12:41] MISSED! The Common brainrot vanished before we could grab it
[22:12:41] TRIP #44: going for Common brainrot ($10), 0 studs away (~0s travel).
[22:12:41] TRIP #36: going for Common brainrot ($10), 0 studs away (~0s travel).
[22:12:43] MISSED! The Common brainrot vanished before we could grab it
[22:12:43] TRIP #36: going for Common brainrot ($10), 0 studs away (~0s travel).
[22:12:44] MISSED! The Common brainrot vanished before we could grab it
[22:12:44] TRIP #44: going for Common brainrot ($10), 0 studs away (~0s travel).
[22:12:45] MISSED! The Common brainrot vanished before we could grab it
[22:12:45] MISSED! The Common brainrot vanished before we could grab it
[22:12:45] TRIP #37: going for Common brainrot ($10), 0 studs away (~0s travel).
[22:12:45] TRIP #45: going for Common brainrot ($10), 0 studs away (~0s travel).
[22:12:47] MISSED! The Common brainrot vanished before we could grab it
[22:12:47] TRIP #37: going for Common brainrot ($10), 0 studs away (~0s travel).
[22:12:47] MISSED! The Common brainrot vanished before we could grab it
[22:12:48] TRIP #45: going for Common brainrot ($10), 0 studs away (~0s travel).
[22:12:48] MISSED! The Common brainrot vanished before we could grab it
[22:12:48] MISSED! The Common brainrot vanished before we could grab it
[22:12:49] TRIP #38: going for Common brainrot ($10), 0 studs away (~0s travel).
[22:12:49] TRIP #46: going for Common brainrot ($10), 0 studs away (~0s travel).
[22:12:50] MISSED! The Common brainrot vanished before we could grab it
[22:12:51] TRIP #38: going for Common brainrot ($10), 0 studs away (~0s travel).
[22:12:51] MISSED! The Common brainrot vanished before we could grab it
[22:12:52] TRIP #46: going for Common brainrot ($10), 0 studs away (~0s travel).
[22:12:52] MISSED! The Common brainrot vanished before we could grab it
[22:12:52] MISSED! The Common brainrot vanished before we could grab it
[22:12:53] STATUS: $162 cash | Speed 2 | $1/s passive | Base 1/10 | Session: 38 trips, $0 earned, 1 deaths, streak 0
[22:12:53] TRIP #39: going for Common brainrot ($10), 0 studs away (~0s travel).
[22:12:54] TRIP #47: going for Common brainrot ($10), 0 studs away (~0s travel).
[22:12:54] MISSED! The Common brainrot vanished before we could grab it
[22:12:55] TRIP #39: going for Common brainrot ($10), 0 studs away (~0s travel).
[22:12:55] MISSED! The Common brainrot vanished before we could grab it
[22:12:56] TRIP #47: going for Common brainrot ($10), 0 studs away (~0s travel). RISKY: only 6s before next wave!
[22:12:56] MISSED! The Common brainrot vanished before we could grab it
[22:12:56] TRIP #40: going for Common brainrot ($10), 0 studs away (~0s travel). RISKY: only 5s before next wave!
[22:12:57] MISSED! The Common brainrot vanished before we could grab it
[22:12:58] STATUS: $167 cash | Speed 2 | $1/s passive | Base 1/10 | Session: 47 trips, $0 earned, 0 deaths, streak 0
[22:12:58] TRIP #48: going for Common brainrot ($10), 0 studs away (~0s travel). RISKY: only 4s before next wave!
[22:12:58] MISSED! The Common brainrot vanished before we could grab it
[22:12:59] STATUS: $168 cash | Speed 2 | $1/s passive | Base 1/10 | Session: 39 trips, $0 earned, 0 deaths, streak 0
[22:12:59] TRIP #40: going for Common brainrot ($10), 0 studs away (~0s travel). RISKY: only 2s before next wave!
[22:12:59] MISSED! The Common brainrot vanished before we could grab it
[22:13:00] MISSED! The Common brainrot vanished before we could grab it
[22:13:00] STATUS: $170 cash | Speed 2 | $1/s passive | Base 1/10 | Session: 47 trips, $0 earned, 1 deaths, streak 0
[22:13:00] TRIP #48: going for Common brainrot ($10), 0 studs away (~0s travel). RISKY: only 1s before next wave!
[22:13:00] TRIP #41: going for Common brainrot ($10), 0 studs away (~0s travel). RISKY: only 1s before next wave!
[22:13:01] MISSED! The Common brainrot vanished before we could grab it
[22:13:01] TRIP #49: going for Common brainrot ($10), 0 studs away (~0s travel).
[22:13:02] MISSED! The Common brainrot vanished before we could grab it
[22:13:03] TRIP #41: going for Common brainrot ($10), 0 studs away (~0s travel).
[22:13:03] MISSED! The Common brainrot vanished before we could grab it
[22:13:03] MISSED! The Common brainrot vanished before we could grab it
[22:13:04] TRIP #49: going for Common brainrot ($10), 0 studs away (~0s travel).
[22:13:04] TRIP #42: going for Common brainrot ($10), 0 studs away (~0s travel).
[22:13:05] MISSED! The Common brainrot vanished before we could grab it
[22:13:06] TRIP #50: going for Common brainrot ($10), 0 studs away (~0s travel).
[22:13:06] MISSED! The Common brainrot vanished before we could grab it
[22:13:06] TRIP #42: going for Common brainrot ($10), 0 studs away (~0s travel).
[22:13:07] MISSED! The Common brainrot vanished before we could grab it
[22:13:07] TRIP #50: going for Common brainrot ($10), 0 studs away (~0s travel).
[22:13:07] MISSED! The Common brainrot vanished before we could grab it
[22:13:08] TRIP #43: going for Common brainrot ($10), 0 studs away (~0s travel).
[22:13:09] MISSED! The Common brainrot vanished before we could grab it
[22:13:10] MISSED! The Common brainrot vanished before we could grab it
[22:13:10] TRIP #51: going for Common brainrot ($10), 0 studs away (~0s travel).
[22:13:10] TRIP #43: going for Common brainrot ($10), 0 studs away (~0s travel).
[22:13:10] MISSED! The Common brainrot vanished before we could grab it
[22:13:11] TRIP #51: going for Common brainrot ($10), 0 studs away (~0s travel).
[22:13:11] MISSED! The Common brainrot vanished before we could grab it
[22:13:12] TRIP #44: going for Common brainrot ($10), 0 studs away (~0s travel).
[22:13:13] MISSED! The Common brainrot vanished before we could grab it
[22:13:13] MISSED! The Common brainrot vanished before we could grab it
[22:13:13] TRIP #52: going for Common brainrot ($10), 0 studs away (~0s travel).
[22:13:14] TRIP #44: going for Common brainrot ($10), 0 studs away (~0s travel).
[22:13:14] MISSED! The Common brainrot vanished before we could grab it
[22:13:15] TRIP #52: going for Common brainrot ($10), 0 studs away (~0s travel).
[22:13:15] MISSED! The Common brainrot vanished before we could grab it
[22:13:16] TRIP #45: going for Common brainrot ($10), 0 studs away (~0s travel).
[22:13:17] MISSED! The Common brainrot vanished before we could grab it
[22:13:17] MISSED! The Common brainrot vanished before we could grab it
[22:13:17] TRIP #53: going for Common brainrot ($10), 0 studs away (~0s travel).
[22:13:18] TRIP #45: going for Common brainrot ($10), 0 studs away (~0s travel).
[22:13:18] MISSED! The Common brainrot vanished before we could grab it
[22:13:19] TRIP #53: going for Common brainrot ($10), 0 studs away (~0s travel).
[22:13:19] MISSED! The Common brainrot vanished before we could grab it
[22:13:20] TRIP #46: going for Common brainrot ($10), 0 studs away (~0s travel).
[22:13:21] MISSED! The Common brainrot vanished before we could grab it
[22:13:21] TRIP #54: going for Common brainrot ($10), 0 studs away (~0s travel).
[22:13:21] MISSED! The Common brainrot vanished before we could grab it
[22:13:22] TRIP #46: going for Common brainrot ($10), 0 studs away (~0s travel).
[22:13:22] MISSED! The Common brainrot vanished before we could grab it
[22:13:23] TRIP #54: going for Common brainrot ($10), 0 studs away (~0s travel).
[22:13:23] MISSED! The Common brainrot vanished before we could grab it
[22:13:24] STATUS: $194 cash | Speed 2 | $1/s passive | Base 1/10 | Session: 46 trips, $0 earned, 1 deaths, streak 0
[22:13:24] TRIP #47: going for Common brainrot ($10), 0 studs away (~0s travel).
[22:13:25] MISSED! The Common brainrot vanished before we could grab it
[22:13:25] TRIP #55: going for Common brainrot ($10), 0 studs away (~0s travel). RISKY: only 5s before next wave!
[22:13:25] MISSED! The Common brainrot vanished before we could grab it
[22:13:26] MISSED! The Common brainrot vanished before we could grab it
[22:13:26] TRIP #47: going for Common brainrot ($10), 0 studs away (~0s travel). RISKY: only 4s before next wave!
[22:13:26] TRIP #55: going for Common brainrot ($10), 0 studs away (~0s travel). RISKY: only 4s before next wave!
[22:13:27] MISSED! The Common brainrot vanished before we could grab it
[22:13:28] TRIP #48: going for Common brainrot ($10), 0 studs away (~0s travel). RISKY: only 2s before next wave!
[22:13:29] MISSED! The Common brainrot vanished before we could grab it
[22:13:29] STATUS: $200 cash | Speed 2 | $1/s passive | Base 1/10 | Session: 55 trips, $0 earned, 0 deaths, streak 0
[22:13:29] TRIP #56: going for Common brainrot ($10), 0 studs away (~0s travel). RISKY: only 1s before next wave!
[22:13:29] MISSED! The Common brainrot vanished before we could grab it
[22:13:29] MISSED! The Common brainrot vanished before we could grab it
[22:13:30] STATUS: $201 cash | Speed 2 | $1/s passive | Base 1/10 | Session: 47 trips, $0 earned, 0 deaths, streak 0
[22:13:30] TRIP #48: going for Common brainrot ($10), 0 studs away (~0s travel). RISKY: only 0s before next wave!
[22:13:30] STATUS: $201 cash | Speed 2 | $1/s passive | Base 1/10 | Session: 55 trips, $0 earned, 1 deaths, streak 0
[22:13:30] TRIP #56: going for Common brainrot ($10), 0 studs away (~0s travel).
[22:13:31] MISSED! The Common brainrot vanished before we could grab it
[22:13:32] TRIP #49: going for Common brainrot ($10), 0 studs away (~0s travel).
[22:13:33] MISSED! The Common brainrot vanished before we could grab it
[22:13:33] MISSED! The Common brainrot vanished before we could grab it
[22:13:33] TRIP #57: going for Common brainrot ($10), 0 studs away (~0s travel).
[22:13:33] MISSED! The Common brainrot vanished before we could grab it
[22:13:34] TRIP #49: going for Common brainrot ($10), 0 studs away (~0s travel).
[22:13:34] TRIP #57: going for Common brainrot ($10), 0 studs away (~0s travel).
[22:13:35] MISSED! The Common brainrot vanished before we could grab it
[22:13:35] TRIP #50: going for Common brainrot ($10), 0 studs away (~0s travel).
[22:13:37] MISSED! The Common brainrot vanished before we could grab it
[22:13:37] MISSED! The Common brainrot vanished before we could grab it
[22:13:37] TRIP #50: going for Common brainrot ($10), 0 studs away (~0s travel).
[22:13:37] MISSED! The Common brainrot vanished before we could grab it
[22:13:37] TRIP #58: going for Common brainrot ($10), 0 studs away (~0s travel).
[22:13:38] TRIP #58: going for Common brainrot ($10), 0 studs away (~0s travel).
[22:13:38] MISSED! The Common brainrot vanished before we could grab it
[22:13:39] TRIP #51: going for Common brainrot ($10), 0 studs away (~0s travel).
[22:13:40] MISSED! The Common brainrot vanished before we could grab it
[22:13:41] MISSED! The Common brainrot vanished before we could grab it
[22:13:41] TRIP #51: going for Common brainrot ($10), 0 studs away (~0s travel).
[22:13:41] MISSED! The Common brainrot vanished before we could grab it
[22:13:41] TRIP #59: going for Common brainrot ($10), 0 studs away (~0s travel).
[22:13:42] TRIP #59: going for Common brainrot ($10), 0 studs away (~0s travel).
[22:13:42] MISSED! The Common brainrot vanished before we could grab it
[22:13:43] TRIP #52: going for Common brainrot ($10), 0 studs away (~0s travel).
[22:13:44] MISSED! The Common brainrot vanished before we could grab it
[22:13:44] MISSED! The Common brainrot vanished before we could grab it
[22:13:45] TRIP #52: going for Common brainrot ($10), 0 studs away (~0s travel).
[22:13:45] MISSED! The Common brainrot vanished before we could grab it
[22:13:45] TRIP #60: going for Common brainrot ($10), 0 studs away (~0s travel).
[22:13:45] TRIP #60: going for Common brainrot ($10), 0 studs away (~0s travel).
[22:13:46] MISSED! The Common brainrot vanished before we could grab it
[22:13:46] TRIP #53: going for Common brainrot ($10), 0 studs away (~0s travel).
[22:13:48] MISSED! The Common brainrot vanished before we could grab it
[22:13:48] MISSED! The Common brainrot vanished before we could grab it
[22:13:48] TRIP #53: going for Common brainrot ($10), 0 studs away (~0s travel).
[22:13:49] MISSED! The Common brainrot vanished before we could grab it
[22:13:49] TRIP #61: going for Common brainrot ($10), 0 studs away (~0s travel).
[22:13:49] TRIP #61: going for Common brainrot ($10), 0 studs away (~0s travel).
[22:13:49] MISSED! The Common brainrot vanished before we could grab it
[22:13:50] TRIP #54: going for Common brainrot ($10), 0 studs away (~0s travel).
[22:13:52] MISSED! The Common brainrot vanished before we could grab it
[22:13:52] MISSED! The Common brainrot vanished before we could grab it
[22:13:52] MISSED! The Common brainrot vanished before we could grab it
[22:13:52] TRIP #54: going for Common brainrot ($10), 0 studs away (~0s travel).
[22:13:53] TRIP #62: going for Common brainrot ($10), 0 studs away (~0s travel).
[22:13:53] TRIP #62: going for Common brainrot ($10), 0 studs away (~0s travel).
[22:13:53] MISSED! The Common brainrot vanished before we could grab it
[22:13:54] STATUS: $226 cash | Speed 2 | $1/s passive | Base 1/10 | Session: 54 trips, $0 earned, 1 deaths, streak 0
[22:13:54] TRIP #55: going for Common brainrot ($10), 0 studs away (~0s travel). RISKY: only 5s before next wave!
[22:13:55] MISSED! The Common brainrot vanished before we could grab it
[22:13:56] MISSED! The Common brainrot vanished before we could grab it
[22:13:56] MISSED! The Common brainrot vanished before we could grab it
[22:13:56] TRIP #55: going for Common brainrot ($10), 0 studs away (~0s travel). RISKY: only 3s before next wave!
[22:13:56] TRIP #63: going for Common brainrot ($10), 0 studs away (~0s travel). RISKY: only 3s before next wave!
[22:13:56] TRIP #63: going for Common brainrot ($10), 0 studs away (~0s travel). RISKY: only 3s before next wave!
[22:13:57] MISSED! The Common brainrot vanished before we could grab it
[22:13:57] TRIP #56: going for Common brainrot ($10), 0 studs away (~0s travel). RISKY: only 2s before next wave!
[22:13:59] MISSED! The Common brainrot vanished before we could grab it
[22:14:00] MISSED! The Common brainrot vanished before we could grab it
[22:14:00] TRIP #56: going for Common brainrot ($10), 0 studs away (~0s travel).
[22:14:00] MISSED! The Common brainrot vanished before we could grab it
[22:14:00] STATUS: $232 cash | Speed 2 | $1/s passive | Base 1/10 | Session: 63 trips, $0 earned, 0 deaths, streak 0
[22:14:00] TRIP #64: going for Common brainrot ($10), 0 studs away (~0s travel).
[22:14:00] STATUS: $233 cash | Speed 2 | $1/s passive | Base 1/10 | Session: 63 trips, $0 earned, 1 deaths, streak 0
[22:14:00] TRIP #64: going for Common brainrot ($10), 0 studs away (~0s travel).
[22:14:01] MISSED! The Common brainrot vanished before we could grab it
[22:14:01] TRIP #57: going for Common brainrot ($10), 0 studs away (~0s travel).
[22:14:03] MISSED! The Common brainrot vanished before we could grab it
[22:14:04] MISSED! The Common brainrot vanished before we could grab it
[22:14:04] STATUS: $236 cash | Speed 2 | $1/s passive | Base 1/10 | Session: 56 trips, $0 earned, 0 deaths, streak 0
[22:14:04] TRIP #57: going for Common brainrot ($10), 0 studs away (~0s travel).
[22:14:04] MISSED! The Common brainrot vanished before we could grab it
[22:14:04] TRIP #65: going for Common brainrot ($10), 0 studs away (~0s travel).
[22:14:04] TRIP #65: going for Common brainrot ($10), 0 studs away (~0s travel).
[22:14:05] MISSED! The Common brainrot vanished before we could grab it
[22:14:05] TRIP #58: going for Common brainrot ($10), 0 studs away (~0s travel).
[22:14:07] MISSED! The Common brainrot vanished before we could grab it
[22:14:07] MISSED! The Common brainrot vanished before we could grab it
[22:14:07] TRIP #58: going for Common brainrot ($10), 0 studs away (~0s travel).
[22:14:08] MISSED! The Common brainrot vanished before we could grab it
[22:14:08] TRIP #66: going for Common brainrot ($10), 0 studs away (~0s travel).
[22:14:08] MISSED! The Common brainrot vanished before we could grab it
[22:14:08] TRIP #66: going for Common brainrot ($10), 0 studs away (~0s travel).
[22:14:09] TRIP #59: going for Common brainrot ($10), 0 studs away (~0s travel).
[22:14:11] MISSED! The Common brainrot vanished before we could grab it
[22:14:11] TRIP #59: going for Common brainrot ($10), 0 studs away (~0s travel).
[22:14:12] MISSED! The Common brainrot vanished before we could grab it
[22:14:12] MISSED! The Common brainrot vanished before we could grab it
[22:14:12] TRIP #67: going for Common brainrot ($10), 0 studs away (~0s travel).
[22:14:12] TRIP #67: going for Common brainrot ($10), 0 studs away (~0s travel).
[22:14:14] MISSED! The Common brainrot vanished before we could grab it
[22:14:15] TRIP #60: going for Common brainrot ($10), 0 studs away (~0s travel).
[22:14:15] MISSED! The Common brainrot vanished before we could grab it
[22:14:15] MISSED! The Common brainrot vanished before we could grab it
[22:14:16] TRIP #68: going for Common brainrot ($10), 0 studs away (~0s travel).
[22:14:16] TRIP #68: going for Common brainrot ($10), 0 studs away (~0s travel).
[22:14:17] === GAME START ===
[22:14:17] Joined game: Joined existing instance
[22:14:17] SPAWN WAVE: 31 new brainrots appeared (5 Secret, 12 Legendary, 5 Epic, 7 Rare, 1 Uncommon, 1 Common). Best: Legendary $1500
[22:14:18] STATUS: $0 cash | Speed 1 | $1/s passive | Base 1/10 | Session: 0 trips, $0 earned, 0 deaths, streak 0
[22:14:18] TRIP #1: going for Uncommon brainrot ($30), 329 studs away (~21s travel). [risky nearest fallback]
[22:14:18] MISSED! The Common brainrot vanished before we could grab it
[22:14:19] SPEED UP! Now level 1 (16 studs/s)
[22:14:19] TRIP #61: going for Common brainrot ($10), 84 studs away (~5s travel).
[22:15:34] === GAME START ===
[22:15:34] Joined game: Joined existing instance
[22:15:34] DIED AND RESPAWNED! Warped 482 studs back to base. Death #1
[22:15:34] SPAWN WAVE: 31 new brainrots appeared (5 Secret, 12 Legendary, 5 Epic, 7 Rare, 1 Uncommon, 1 Common). Best: Legendary $1500
[22:15:34] SPEED UP! Now level 2 (20 studs/s)
[22:15:34] STATUS: $250 cash | Speed 2 | $1/s passive | Base 1/10 | Session: 0 trips, $0 earned, 1 deaths, streak 0
[22:15:34] TRIP #1: going for Common brainrot ($10), 0 studs away (~0s travel).
[22:15:38] MISSED! The Common brainrot vanished before we could grab it
[22:15:38] TRIP #2: going for Common brainrot ($10), 0 studs away (~0s travel).
[22:15:41] MISSED! The Common brainrot vanished before we could grab it
[22:15:42] TRIP #3: going for Common brainrot ($10), 0 studs away (~0s travel).
[22:15:45] MISSED! The Common brainrot vanished before we could grab it
[22:15:46] TRIP #4: going for Common brainrot ($10), 0 studs away (~0s travel).
[22:15:49] MISSED! The Common brainrot vanished before we could grab it
[22:15:50] TRIP #5: going for Common brainrot ($10), 0 studs away (~0s travel). RISKY: only 5s before next wave!
[22:15:53] MISSED! The Common brainrot vanished before we could grab it
[22:15:54] TRIP #6: going for Common brainrot ($10), 0 studs away (~0s travel). RISKY: only 1s before next wave!
[22:15:57] MISSED! The Common brainrot vanished before we could grab it
[22:15:57] TRIP #7: going for Common brainrot ($10), 0 studs away (~0s travel).
[22:16:01] MISSED! The Common brainrot vanished before we could grab it
[22:16:01] TRIP #8: going for Common brainrot ($10), 0 studs away (~0s travel).
[22:16:05] MISSED! The Common brainrot vanished before we could grab it
[22:16:06] STATUS: $282 cash | Speed 2 | $1/s passive | Base 1/10 | Session: 8 trips, $0 earned, 1 deaths, streak 0
[22:16:06] TRIP #9: going for Common brainrot ($10), 0 studs away (~0s travel).
[22:16:10] MISSED! The Common brainrot vanished before we could grab it
[22:16:11] TRIP #10: going for Common brainrot ($10), 0 studs away (~0s travel).
[22:16:14] MISSED! The Common brainrot vanished before we could grab it
[22:16:14] TRIP #11: going for Common brainrot ($10), 0 studs away (~0s travel).
[22:16:18] MISSED! The Common brainrot vanished before we could grab it
[22:16:18] TRIP #12: going for Common brainrot ($10), 0 studs away (~0s travel).
[22:16:22] MISSED! The Common brainrot vanished before we could grab it
[22:16:22] TRIP #13: going for Common brainrot ($10), 0 studs away (~0s travel). RISKY: only 1s before next wave!
[22:16:25] MISSED! The Common brainrot vanished before we could grab it
[22:16:26] BUYING UPGRADE: speed level 3 for $300
[22:16:28] SPEED UP! Now level 3 (24 studs/s)
[22:16:28] TRIP #14: going for Common brainrot ($10), 0 studs away (~0s travel).
[22:16:32] MISSED! The Common brainrot vanished before we could grab it
[22:16:33] TRIP #15: going for Common brainrot ($10), 0 studs away (~0s travel).
[22:16:37] MISSED! The Common brainrot vanished before we could grab it
[22:16:37] STATUS: $15 cash | Speed 3 | $1/s passive | Base 1/10 | Session: 15 trips, $0 earned, 1 deaths, streak 0
[22:16:37] TRIP #16: going for Common brainrot ($10), 0 studs away (~0s travel).
[22:16:41] MISSED! The Common brainrot vanished before we could grab it
[22:16:41] TRIP #17: going for Common brainrot ($10), 0 studs away (~0s travel).
[22:16:44] MISSED! The Common brainrot vanished before we could grab it
[22:16:45] TRIP #18: going for Common brainrot ($10), 0 studs away (~0s travel).
[22:16:49] MISSED! The Common brainrot vanished before we could grab it
[22:16:49] TRIP #19: going for Common brainrot ($10), 0 studs away (~0s travel). RISKY: only 3s before next wave!
[22:16:53] MISSED! The Common brainrot vanished before we could grab it
[22:16:54] TRIP #20: going for Common brainrot ($10), 0 studs away (~0s travel).
[22:16:57] MISSED! The Common brainrot vanished before we could grab it
[22:16:58] TRIP #21: going for Common brainrot ($10), 0 studs away (~0s travel).
[22:17:02] MISSED! The Common brainrot vanished before we could grab it
[22:17:02] TRIP #22: going for Common brainrot ($10), 0 studs away (~0s travel).
[22:17:06] MISSED! The Common brainrot vanished before we could grab it
[22:17:07] TRIP #23: going for Common brainrot ($10), 0 studs away (~0s travel).
[22:17:10] MISSED! The Common brainrot vanished before we could grab it
[22:17:11] STATUS: $50 cash | Speed 3 | $1/s passive | Base 1/10 | Session: 23 trips, $0 earned, 1 deaths, streak 0
[22:17:11] TRIP #24: going for Common brainrot ($10), 0 studs away (~0s travel).
[22:17:15] MISSED! The Common brainrot vanished before we could grab it
[22:17:16] TRIP #25: going for Common brainrot ($10), 0 studs away (~0s travel).
[22:17:19] MISSED! The Common brainrot vanished before we could grab it
[22:17:20] TRIP #26: going for Common brainrot ($10), 0 studs away (~0s travel). RISKY: only 2s before next wave!
[22:17:24] MISSED! The Common brainrot vanished before we could grab it
[22:17:25] TRIP #27: going for Common brainrot ($10), 0 studs away (~0s travel).
[22:17:28] MISSED! The Common brainrot vanished before we could grab it
[22:17:29] TRIP #28: going for Common brainrot ($10), 0 studs away (~0s travel).
[22:17:33] MISSED! The Common brainrot vanished before we could grab it
[22:17:34] TRIP #29: going for Common brainrot ($10), 0 studs away (~0s travel).
[22:17:37] MISSED! The Common brainrot vanished before we could grab it
[22:17:38] TRIP #30: going for Common brainrot ($10), 0 studs away (~0s travel).
[22:17:42] MISSED! The Common brainrot vanished before we could grab it
[22:17:42] STATUS: $82 cash | Speed 3 | $1/s passive | Base 1/10 | Session: 30 trips, $0 earned, 1 deaths, streak 0
[22:17:42] TRIP #31: going for Common brainrot ($10), 0 studs away (~0s travel).
[22:17:46] MISSED! The Common brainrot vanished before we could grab it
[22:17:47] TRIP #32: going for Common brainrot ($10), 0 studs away (~0s travel). RISKY: only 4s before next wave!
[22:17:50] MISSED! The Common brainrot vanished before we could grab it
[22:17:51] TRIP #33: going for Common brainrot ($10), 0 studs away (~0s travel).
[22:17:55] MISSED! The Common brainrot vanished before we could grab it
[22:17:55] TRIP #34: going for Common brainrot ($10), 0 studs away (~0s travel).
[22:17:59] MISSED! The Common brainrot vanished before we could grab it
[22:18:00] TRIP #35: going for Common brainrot ($10), 0 studs away (~0s travel).
[22:18:04] MISSED! The Common brainrot vanished before we could grab it
[22:18:05] TRIP #36: going for Common brainrot ($10), 0 studs away (~0s travel).
[22:18:09] MISSED! The Common brainrot vanished before we could grab it
[22:18:10] TRIP #37: going for Common brainrot ($10), 0 studs away (~0s travel).
[22:18:14] MISSED! The Common brainrot vanished before we could grab it
[22:18:14] STATUS: $116 cash | Speed 3 | $1/s passive | Base 1/10 | Session: 37 trips, $0 earned, 1 deaths, streak 0
[22:18:14] TRIP #38: going for Common brainrot ($10), 0 studs away (~0s travel). RISKY: only 5s before next wave!
[22:18:19] MISSED! The Common brainrot vanished before we could grab it
[22:18:20] TRIP #39: going for Common brainrot ($10), 0 studs away (~0s travel).
[22:18:24] MISSED! The Common brainrot vanished before we could grab it
[22:18:25] TRIP #40: going for Common brainrot ($10), 0 studs away (~0s travel).
[22:18:29] MISSED! The Common brainrot vanished before we could grab it
[22:18:30] TRIP #41: going for Common brainrot ($10), 0 studs away (~0s travel).
[22:18:34] MISSED! The Common brainrot vanished before we could grab it
[22:18:35] TRIP #42: going for Common brainrot ($10), 0 studs away (~0s travel).
[22:18:39] MISSED! The Common brainrot vanished before we could grab it
[22:18:39] TRIP #43: going for Common brainrot ($10), 0 studs away (~0s travel).
[22:18:44] MISSED! The Common brainrot vanished before we could grab it
[22:18:45] STATUS: $147 cash | Speed 3 | $1/s passive | Base 1/10 | Session: 43 trips, $0 earned, 1 deaths, streak 0
[22:18:45] TRIP #44: going for Common brainrot ($10), 0 studs away (~0s travel). RISKY: only 4s before next wave!
[22:18:48] MISSED! The Common brainrot vanished before we could grab it
[22:18:49] TRIP #45: going for Common brainrot ($10), 0 studs away (~0s travel).
[22:18:53] MISSED! The Common brainrot vanished before we could grab it
[22:18:53] TRIP #46: going for Common brainrot ($10), 0 studs away (~0s travel).
[22:18:57] MISSED! The Common brainrot vanished before we could grab it
[22:18:58] TRIP #47: going for Common brainrot ($10), 0 studs away (~0s travel).
[22:19:01] MISSED! The Common brainrot vanished before we could grab it
[22:19:03] TRIP #48: going for Common brainrot ($10), 0 studs away (~0s travel).
[22:19:06] MISSED! The Common brainrot vanished before we could grab it
[22:19:07] TRIP #49: going for Common brainrot ($10), 0 studs away (~0s travel).
[22:19:10] MISSED! The Common brainrot vanished before we could grab it
[22:19:11] TRIP #50: going for Common brainrot ($10), 0 studs away (~0s travel).
[22:19:14] MISSED! The Common brainrot vanished before we could grab it
[22:19:14] TRIP #51: going for Common brainrot ($10), 0 studs away (~0s travel). RISKY: only 3s before next wave!
[22:19:18] MISSED! The Common brainrot vanished before we could grab it
[22:19:18] STATUS: $182 cash | Speed 3 | $1/s passive | Base 1/10 | Session: 51 trips, $0 earned, 1 deaths, streak 0
[22:19:18] TRIP #52: going for Common brainrot ($10), 0 studs away (~0s travel).
[22:19:22] MISSED! The Common brainrot vanished before we could grab it
[22:19:22] TRIP #53: going for Common brainrot ($10), 0 studs away (~0s travel).
[22:19:25] MISSED! The Common brainrot vanished before we could grab it
[22:19:26] TRIP #54: going for Common brainrot ($10), 0 studs away (~0s travel).
[22:19:29] MISSED! The Common brainrot vanished before we could grab it
[22:19:30] TRIP #55: going for Common brainrot ($10), 0 studs away (~0s travel).
[22:19:33] MISSED! The Common brainrot vanished before we could grab it
[22:19:34] TRIP #56: going for Common brainrot ($10), 0 studs away (~0s travel).
[22:19:37] MISSED! The Common brainrot vanished before we could grab it
[22:19:38] TRIP #57: going for Common brainrot ($10), 0 studs away (~0s travel).
[22:19:41] MISSED! The Common brainrot vanished before we could grab it
[22:19:42] TRIP #58: going for Common brainrot ($10), 0 studs away (~0s travel). RISKY: only 5s before next wave!
[22:19:45] MISSED! The Common brainrot vanished before we could grab it
[22:19:45] TRIP #59: going for Common brainrot ($10), 0 studs away (~0s travel). RISKY: only 1s before next wave!
[22:19:49] MISSED! The Common brainrot vanished before we could grab it
[22:19:49] STATUS: $214 cash | Speed 3 | $1/s passive | Base 1/10 | Session: 59 trips, $0 earned, 1 deaths, streak 0
[22:19:49] TRIP #60: going for Common brainrot ($10), 0 studs away (~0s travel).
[22:19:53] MISSED! The Common brainrot vanished before we could grab it
[22:19:53] TRIP #61: going for Common brainrot ($10), 0 studs away (~0s travel).
[22:19:56] MISSED! The Common brainrot vanished before we could grab it
[22:19:57] TRIP #62: going for Common brainrot ($10), 0 studs away (~0s travel).
[22:20:00] MISSED! The Common brainrot vanished before we could grab it
[22:20:01] TRIP #63: going for Common brainrot ($10), 0 studs away (~0s travel).
[22:20:04] MISSED! The Common brainrot vanished before we could grab it
[22:20:05] TRIP #64: going for Common brainrot ($10), 0 studs away (~0s travel).
[22:20:08] MISSED! The Common brainrot vanished before we could grab it
[22:20:08] TRIP #65: going for Common brainrot ($10), 0 studs away (~0s travel).
[22:20:12] MISSED! The Common brainrot vanished before we could grab it
[22:20:12] TRIP #66: going for Common brainrot ($10), 0 studs away (~0s travel). RISKY: only 3s before next wave!
[22:20:16] MISSED! The Common brainrot vanished before we could grab it
[22:20:16] TRIP #67: going for Common brainrot ($10), 0 studs away (~0s travel).
[22:20:19] MISSED! The Common brainrot vanished before we could grab it
[22:20:20] STATUS: $245 cash | Speed 3 | $1/s passive | Base 1/10 | Session: 67 trips, $0 earned, 1 deaths, streak 0
[22:20:20] TRIP #68: going for Common brainrot ($10), 0 studs away (~0s travel).
